Compiling the CXX compiler identification source file "CMakeCXXCompilerId.cpp" failed.
Compiler: /Library/Developer/CommandLineTools/usr/bin/c++ 
Build flags: 
Id flags:  

The output was:
1
ld: library not found for -lc++
clang: error: linker command failed with exit code 1 (use -v to see invocation)


Compiling the C compiler identification source file "CMakeCCompilerId.c" failed.
Compiler: /Library/Developer/CommandLineTools/usr/bin/cc 
Build flags: 
Id flags:  

The output was:
1
ld: library not found for -lSystem
clang: error: linker command failed with exit code 1 (use -v to see invocation)


Compilation failed:
    source file: '/Users/akanksha/Desktop/files/Data Science Projects/Photo Editor/opencv-python-4.5.3.56/opencv/cmake/checks/cpu_popcnt.cpp'
    check option: ''
===== BUILD LOG =====
Change Dir: /Users/akanksha/Desktop/files/Data Science Projects/Photo Editor/opencv-python-4.5.3.56/_skbuild/macosx-10.16-x86_64-3.7/cmake-build/CMakeFiles/CMakeTmp

Run Build Command(s):/opt/homebrew/bin/gmake -f Makefile cmTC_99ed1/fast && /opt/homebrew/bin/gmake  -f CMakeFiles/cmTC_99ed1.dir/build.make CMakeFiles/cmTC_99ed1.dir/build
gmake[1]: Entering directory '/Users/akanksha/Desktop/files/Data Science Projects/Photo Editor/opencv-python-4.5.3.56/_skbuild/macosx-10.16-x86_64-3.7/cmake-build/CMakeFiles/CMakeTmp'
Building CXX object CMakeFiles/cmTC_99ed1.dir/cpu_popcnt.cpp.o
/Library/Developer/CommandLineTools/usr/bin/c++   -O3 -DNDEBUG -arch x86_64 -isysroot /Library/Developer/CommandLineTools/SDKs/MacOSX12.0.sdk -mmacosx-version-min=10.16 -fPIE -std=c++11 -MD -MT CMakeFiles/cmTC_99ed1.dir/cpu_popcnt.cpp.o -MF CMakeFiles/cmTC_99ed1.dir/cpu_popcnt.cpp.o.d -o CMakeFiles/cmTC_99ed1.dir/cpu_popcnt.cpp.o -c "/Users/akanksha/Desktop/files/Data Science Projects/Photo Editor/opencv-python-4.5.3.56/opencv/cmake/checks/cpu_popcnt.cpp"
/Users/akanksha/Desktop/files/Data Science Projects/Photo Editor/opencv-python-4.5.3.56/opencv/cmake/checks/cpu_popcnt.cpp:14:4: error: "__POPCNT__ is not defined by compiler"
#  error "__POPCNT__ is not defined by compiler"
   ^
/Users/akanksha/Desktop/files/Data Science Projects/Photo Editor/opencv-python-4.5.3.56/opencv/cmake/checks/cpu_popcnt.cpp:22:13: error: use of undeclared identifier 'CV_POPCNT_U32'
    int j = CV_POPCNT_U32(1);
            ^
2 errors generated.
gmake[1]: *** [CMakeFiles/cmTC_99ed1.dir/build.make:79: CMakeFiles/cmTC_99ed1.dir/cpu_popcnt.cpp.o] Error 1
gmake[1]: Leaving directory '/Users/akanksha/Desktop/files/Data Science Projects/Photo Editor/opencv-python-4.5.3.56/_skbuild/macosx-10.16-x86_64-3.7/cmake-build/CMakeFiles/CMakeTmp'
gmake: *** [Makefile:127: cmTC_99ed1/fast] Error 2


===== END =====

Compilation failed:
    source file: '/Users/akanksha/Desktop/files/Data Science Projects/Photo Editor/opencv-python-4.5.3.56/opencv/cmake/checks/cpu_sse42.cpp'
    check option: ''
===== BUILD LOG =====
Change Dir: /Users/akanksha/Desktop/files/Data Science Projects/Photo Editor/opencv-python-4.5.3.56/_skbuild/macosx-10.16-x86_64-3.7/cmake-build/CMakeFiles/CMakeTmp

Run Build Command(s):/opt/homebrew/bin/gmake -f Makefile cmTC_430fe/fast && /opt/homebrew/bin/gmake  -f CMakeFiles/cmTC_430fe.dir/build.make CMakeFiles/cmTC_430fe.dir/build
gmake[1]: Entering directory '/Users/akanksha/Desktop/files/Data Science Projects/Photo Editor/opencv-python-4.5.3.56/_skbuild/macosx-10.16-x86_64-3.7/cmake-build/CMakeFiles/CMakeTmp'
Building CXX object CMakeFiles/cmTC_430fe.dir/cpu_sse42.cpp.o
/Library/Developer/CommandLineTools/usr/bin/c++   -O3 -DNDEBUG -arch x86_64 -isysroot /Library/Developer/CommandLineTools/SDKs/MacOSX12.0.sdk -mmacosx-version-min=10.16 -fPIE -std=c++11 -MD -MT CMakeFiles/cmTC_430fe.dir/cpu_sse42.cpp.o -MF CMakeFiles/cmTC_430fe.dir/cpu_sse42.cpp.o.d -o CMakeFiles/cmTC_430fe.dir/cpu_sse42.cpp.o -c "/Users/akanksha/Desktop/files/Data Science Projects/Photo Editor/opencv-python-4.5.3.56/opencv/cmake/checks/cpu_sse42.cpp"
/Users/akanksha/Desktop/files/Data Science Projects/Photo Editor/opencv-python-4.5.3.56/opencv/cmake/checks/cpu_sse42.cpp:5:24: error: always_inline function '_mm_crc32_u8' requires target feature 'sse4.2', but would be inlined into function 'main' that is compiled without support for 'sse4.2'
    unsigned int res = _mm_crc32_u8(1, 2);
                       ^
1 error generated.
gmake[1]: *** [CMakeFiles/cmTC_430fe.dir/build.make:79: CMakeFiles/cmTC_430fe.dir/cpu_sse42.cpp.o] Error 1
gmake[1]: Leaving directory '/Users/akanksha/Desktop/files/Data Science Projects/Photo Editor/opencv-python-4.5.3.56/_skbuild/macosx-10.16-x86_64-3.7/cmake-build/CMakeFiles/CMakeTmp'
gmake: *** [Makefile:127: cmTC_430fe/fast] Error 2


===== END =====

Compilation failed:
    source file: '/Users/akanksha/Desktop/files/Data Science Projects/Photo Editor/opencv-python-4.5.3.56/opencv/cmake/checks/cpu_fp16.cpp'
    check option: ''
===== BUILD LOG =====
Change Dir: /Users/akanksha/Desktop/files/Data Science Projects/Photo Editor/opencv-python-4.5.3.56/_skbuild/macosx-10.16-x86_64-3.7/cmake-build/CMakeFiles/CMakeTmp

Run Build Command(s):/opt/homebrew/bin/gmake -f Makefile cmTC_8f42b/fast && /opt/homebrew/bin/gmake  -f CMakeFiles/cmTC_8f42b.dir/build.make CMakeFiles/cmTC_8f42b.dir/build
gmake[1]: Entering directory '/Users/akanksha/Desktop/files/Data Science Projects/Photo Editor/opencv-python-4.5.3.56/_skbuild/macosx-10.16-x86_64-3.7/cmake-build/CMakeFiles/CMakeTmp'
Building CXX object CMakeFiles/cmTC_8f42b.dir/cpu_fp16.cpp.o
/Library/Developer/CommandLineTools/usr/bin/c++   -O3 -DNDEBUG -arch x86_64 -isysroot /Library/Developer/CommandLineTools/SDKs/MacOSX12.0.sdk -mmacosx-version-min=10.16 -fPIE -std=c++11 -MD -MT CMakeFiles/cmTC_8f42b.dir/cpu_fp16.cpp.o -MF CMakeFiles/cmTC_8f42b.dir/cpu_fp16.cpp.o.d -o CMakeFiles/cmTC_8f42b.dir/cpu_fp16.cpp.o -c "/Users/akanksha/Desktop/files/Data Science Projects/Photo Editor/opencv-python-4.5.3.56/opencv/cmake/checks/cpu_fp16.cpp"
/Users/akanksha/Desktop/files/Data Science Projects/Photo Editor/opencv-python-4.5.3.56/opencv/cmake/checks/cpu_fp16.cpp:26:2: error: "FP16 is not supported"
#error "FP16 is not supported"
 ^
/Users/akanksha/Desktop/files/Data Science Projects/Photo Editor/opencv-python-4.5.3.56/opencv/cmake/checks/cpu_fp16.cpp:31:18: error: use of undeclared identifier 'test'
  printf("%d\n", test());
                 ^
2 errors generated.
gmake[1]: *** [CMakeFiles/cmTC_8f42b.dir/build.make:79: CMakeFiles/cmTC_8f42b.dir/cpu_fp16.cpp.o] Error 1
gmake[1]: Leaving directory '/Users/akanksha/Desktop/files/Data Science Projects/Photo Editor/opencv-python-4.5.3.56/_skbuild/macosx-10.16-x86_64-3.7/cmake-build/CMakeFiles/CMakeTmp'
gmake: *** [Makefile:127: cmTC_8f42b/fast] Error 2


===== END =====

Compilation failed:
    source file: '/Users/akanksha/Desktop/files/Data Science Projects/Photo Editor/opencv-python-4.5.3.56/opencv/cmake/checks/cpu_avx.cpp'
    check option: ''
===== BUILD LOG =====
Change Dir: /Users/akanksha/Desktop/files/Data Science Projects/Photo Editor/opencv-python-4.5.3.56/_skbuild/macosx-10.16-x86_64-3.7/cmake-build/CMakeFiles/CMakeTmp

Run Build Command(s):/opt/homebrew/bin/gmake -f Makefile cmTC_4d601/fast && /opt/homebrew/bin/gmake  -f CMakeFiles/cmTC_4d601.dir/build.make CMakeFiles/cmTC_4d601.dir/build
gmake[1]: Entering directory '/Users/akanksha/Desktop/files/Data Science Projects/Photo Editor/opencv-python-4.5.3.56/_skbuild/macosx-10.16-x86_64-3.7/cmake-build/CMakeFiles/CMakeTmp'
Building CXX object CMakeFiles/cmTC_4d601.dir/cpu_avx.cpp.o
/Library/Developer/CommandLineTools/usr/bin/c++   -O3 -DNDEBUG -arch x86_64 -isysroot /Library/Developer/CommandLineTools/SDKs/MacOSX12.0.sdk -mmacosx-version-min=10.16 -fPIE -std=c++11 -MD -MT CMakeFiles/cmTC_4d601.dir/cpu_avx.cpp.o -MF CMakeFiles/cmTC_4d601.dir/cpu_avx.cpp.o.d -o CMakeFiles/cmTC_4d601.dir/cpu_avx.cpp.o -c "/Users/akanksha/Desktop/files/Data Science Projects/Photo Editor/opencv-python-4.5.3.56/opencv/cmake/checks/cpu_avx.cpp"
/Users/akanksha/Desktop/files/Data Science Projects/Photo Editor/opencv-python-4.5.3.56/opencv/cmake/checks/cpu_avx.cpp:2:2: error: "__AVX__ define is missing"
#error "__AVX__ define is missing"
 ^
1 error generated.
gmake[1]: *** [CMakeFiles/cmTC_4d601.dir/build.make:79: CMakeFiles/cmTC_4d601.dir/cpu_avx.cpp.o] Error 1
gmake[1]: Leaving directory '/Users/akanksha/Desktop/files/Data Science Projects/Photo Editor/opencv-python-4.5.3.56/_skbuild/macosx-10.16-x86_64-3.7/cmake-build/CMakeFiles/CMakeTmp'
gmake: *** [Makefile:127: cmTC_4d601/fast] Error 2


===== END =====

Compilation failed:
    source file: '/Users/akanksha/Desktop/files/Data Science Projects/Photo Editor/opencv-python-4.5.3.56/opencv/cmake/checks/cpu_avx2.cpp'
    check option: ''
===== BUILD LOG =====
Change Dir: /Users/akanksha/Desktop/files/Data Science Projects/Photo Editor/opencv-python-4.5.3.56/_skbuild/macosx-10.16-x86_64-3.7/cmake-build/CMakeFiles/CMakeTmp

Run Build Command(s):/opt/homebrew/bin/gmake -f Makefile cmTC_bb3d1/fast && /opt/homebrew/bin/gmake  -f CMakeFiles/cmTC_bb3d1.dir/build.make CMakeFiles/cmTC_bb3d1.dir/build
gmake[1]: Entering directory '/Users/akanksha/Desktop/files/Data Science Projects/Photo Editor/opencv-python-4.5.3.56/_skbuild/macosx-10.16-x86_64-3.7/cmake-build/CMakeFiles/CMakeTmp'
Building CXX object CMakeFiles/cmTC_bb3d1.dir/cpu_avx2.cpp.o
/Library/Developer/CommandLineTools/usr/bin/c++   -O3 -DNDEBUG -arch x86_64 -isysroot /Library/Developer/CommandLineTools/SDKs/MacOSX12.0.sdk -mmacosx-version-min=10.16 -fPIE -std=c++11 -MD -MT CMakeFiles/cmTC_bb3d1.dir/cpu_avx2.cpp.o -MF CMakeFiles/cmTC_bb3d1.dir/cpu_avx2.cpp.o.d -o CMakeFiles/cmTC_bb3d1.dir/cpu_avx2.cpp.o -c "/Users/akanksha/Desktop/files/Data Science Projects/Photo Editor/opencv-python-4.5.3.56/opencv/cmake/checks/cpu_avx2.cpp"
/Users/akanksha/Desktop/files/Data Science Projects/Photo Editor/opencv-python-4.5.3.56/opencv/cmake/checks/cpu_avx2.cpp:2:2: error: "__AVX2__ define is missing"
#error "__AVX2__ define is missing"
 ^
1 error generated.
gmake[1]: *** [CMakeFiles/cmTC_bb3d1.dir/build.make:79: CMakeFiles/cmTC_bb3d1.dir/cpu_avx2.cpp.o] Error 1
gmake[1]: Leaving directory '/Users/akanksha/Desktop/files/Data Science Projects/Photo Editor/opencv-python-4.5.3.56/_skbuild/macosx-10.16-x86_64-3.7/cmake-build/CMakeFiles/CMakeTmp'
gmake: *** [Makefile:127: cmTC_bb3d1/fast] Error 2


===== END =====

Compilation failed:
    source file: '/Users/akanksha/Desktop/files/Data Science Projects/Photo Editor/opencv-python-4.5.3.56/opencv/cmake/checks/cpu_avx512.cpp'
    check option: ''
===== BUILD LOG =====
Change Dir: /Users/akanksha/Desktop/files/Data Science Projects/Photo Editor/opencv-python-4.5.3.56/_skbuild/macosx-10.16-x86_64-3.7/cmake-build/CMakeFiles/CMakeTmp

Run Build Command(s):/opt/homebrew/bin/gmake -f Makefile cmTC_07235/fast && /opt/homebrew/bin/gmake  -f CMakeFiles/cmTC_07235.dir/build.make CMakeFiles/cmTC_07235.dir/build
gmake[1]: Entering directory '/Users/akanksha/Desktop/files/Data Science Projects/Photo Editor/opencv-python-4.5.3.56/_skbuild/macosx-10.16-x86_64-3.7/cmake-build/CMakeFiles/CMakeTmp'
Building CXX object CMakeFiles/cmTC_07235.dir/cpu_avx512.cpp.o
/Library/Developer/CommandLineTools/usr/bin/c++   -O3 -DNDEBUG -arch x86_64 -isysroot /Library/Developer/CommandLineTools/SDKs/MacOSX12.0.sdk -mmacosx-version-min=10.16 -fPIE -std=c++11 -MD -MT CMakeFiles/cmTC_07235.dir/cpu_avx512.cpp.o -MF CMakeFiles/cmTC_07235.dir/cpu_avx512.cpp.o.d -o CMakeFiles/cmTC_07235.dir/cpu_avx512.cpp.o -c "/Users/akanksha/Desktop/files/Data Science Projects/Photo Editor/opencv-python-4.5.3.56/opencv/cmake/checks/cpu_avx512.cpp"
/Users/akanksha/Desktop/files/Data Science Projects/Photo Editor/opencv-python-4.5.3.56/opencv/cmake/checks/cpu_avx512.cpp:11:2: error: "AVX512 is not supported"
#error "AVX512 is not supported"
 ^
1 error generated.
gmake[1]: *** [CMakeFiles/cmTC_07235.dir/build.make:79: CMakeFiles/cmTC_07235.dir/cpu_avx512.cpp.o] Error 1
gmake[1]: Leaving directory '/Users/akanksha/Desktop/files/Data Science Projects/Photo Editor/opencv-python-4.5.3.56/_skbuild/macosx-10.16-x86_64-3.7/cmake-build/CMakeFiles/CMakeTmp'
gmake: *** [Makefile:127: cmTC_07235/fast] Error 2


===== END =====

Compilation failed:
    source file: '/Users/akanksha/Desktop/files/Data Science Projects/Photo Editor/opencv-python-4.5.3.56/opencv/cmake/checks/cpu_avx512common.cpp'
    check option: ''
===== BUILD LOG =====
Change Dir: /Users/akanksha/Desktop/files/Data Science Projects/Photo Editor/opencv-python-4.5.3.56/_skbuild/macosx-10.16-x86_64-3.7/cmake-build/CMakeFiles/CMakeTmp

Run Build Command(s):/opt/homebrew/bin/gmake -f Makefile cmTC_a05f3/fast && /opt/homebrew/bin/gmake  -f CMakeFiles/cmTC_a05f3.dir/build.make CMakeFiles/cmTC_a05f3.dir/build
gmake[1]: Entering directory '/Users/akanksha/Desktop/files/Data Science Projects/Photo Editor/opencv-python-4.5.3.56/_skbuild/macosx-10.16-x86_64-3.7/cmake-build/CMakeFiles/CMakeTmp'
Building CXX object CMakeFiles/cmTC_a05f3.dir/cpu_avx512common.cpp.o
/Library/Developer/CommandLineTools/usr/bin/c++   -O3 -DNDEBUG -arch x86_64 -isysroot /Library/Developer/CommandLineTools/SDKs/MacOSX12.0.sdk -mmacosx-version-min=10.16 -fPIE -std=c++11 -MD -MT CMakeFiles/cmTC_a05f3.dir/cpu_avx512common.cpp.o -MF CMakeFiles/cmTC_a05f3.dir/cpu_avx512common.cpp.o.d -o CMakeFiles/cmTC_a05f3.dir/cpu_avx512common.cpp.o -c "/Users/akanksha/Desktop/files/Data Science Projects/Photo Editor/opencv-python-4.5.3.56/opencv/cmake/checks/cpu_avx512common.cpp"
/Users/akanksha/Desktop/files/Data Science Projects/Photo Editor/opencv-python-4.5.3.56/opencv/cmake/checks/cpu_avx512common.cpp:12:2: error: "AVX512-COMMON is not supported"
#error "AVX512-COMMON is not supported"
 ^
1 error generated.
gmake[1]: *** [CMakeFiles/cmTC_a05f3.dir/build.make:79: CMakeFiles/cmTC_a05f3.dir/cpu_avx512common.cpp.o] Error 1
gmake[1]: Leaving directory '/Users/akanksha/Desktop/files/Data Science Projects/Photo Editor/opencv-python-4.5.3.56/_skbuild/macosx-10.16-x86_64-3.7/cmake-build/CMakeFiles/CMakeTmp'
gmake: *** [Makefile:127: cmTC_a05f3/fast] Error 2


===== END =====

Compilation failed:
    source file: '/Users/akanksha/Desktop/files/Data Science Projects/Photo Editor/opencv-python-4.5.3.56/opencv/cmake/checks/cpu_avx512knl.cpp'
    check option: ''
===== BUILD LOG =====
Change Dir: /Users/akanksha/Desktop/files/Data Science Projects/Photo Editor/opencv-python-4.5.3.56/_skbuild/macosx-10.16-x86_64-3.7/cmake-build/CMakeFiles/CMakeTmp

Run Build Command(s):/opt/homebrew/bin/gmake -f Makefile cmTC_2c404/fast && /opt/homebrew/bin/gmake  -f CMakeFiles/cmTC_2c404.dir/build.make CMakeFiles/cmTC_2c404.dir/build
gmake[1]: Entering directory '/Users/akanksha/Desktop/files/Data Science Projects/Photo Editor/opencv-python-4.5.3.56/_skbuild/macosx-10.16-x86_64-3.7/cmake-build/CMakeFiles/CMakeTmp'
Building CXX object CMakeFiles/cmTC_2c404.dir/cpu_avx512knl.cpp.o
/Library/Developer/CommandLineTools/usr/bin/c++   -O3 -DNDEBUG -arch x86_64 -isysroot /Library/Developer/CommandLineTools/SDKs/MacOSX12.0.sdk -mmacosx-version-min=10.16 -fPIE -std=c++11 -MD -MT CMakeFiles/cmTC_2c404.dir/cpu_avx512knl.cpp.o -MF CMakeFiles/cmTC_2c404.dir/cpu_avx512knl.cpp.o.d -o CMakeFiles/cmTC_2c404.dir/cpu_avx512knl.cpp.o -c "/Users/akanksha/Desktop/files/Data Science Projects/Photo Editor/opencv-python-4.5.3.56/opencv/cmake/checks/cpu_avx512knl.cpp"
/Users/akanksha/Desktop/files/Data Science Projects/Photo Editor/opencv-python-4.5.3.56/opencv/cmake/checks/cpu_avx512knl.cpp:14:2: error: "AVX512-KNL is not supported"
#error "AVX512-KNL is not supported"
 ^
1 error generated.
gmake[1]: *** [CMakeFiles/cmTC_2c404.dir/build.make:79: CMakeFiles/cmTC_2c404.dir/cpu_avx512knl.cpp.o] Error 1
gmake[1]: Leaving directory '/Users/akanksha/Desktop/files/Data Science Projects/Photo Editor/opencv-python-4.5.3.56/_skbuild/macosx-10.16-x86_64-3.7/cmake-build/CMakeFiles/CMakeTmp'
gmake: *** [Makefile:127: cmTC_2c404/fast] Error 2


===== END =====

Compilation failed:
    source file: '/Users/akanksha/Desktop/files/Data Science Projects/Photo Editor/opencv-python-4.5.3.56/opencv/cmake/checks/cpu_avx512knm.cpp'
    check option: ''
===== BUILD LOG =====
Change Dir: /Users/akanksha/Desktop/files/Data Science Projects/Photo Editor/opencv-python-4.5.3.56/_skbuild/macosx-10.16-x86_64-3.7/cmake-build/CMakeFiles/CMakeTmp

Run Build Command(s):/opt/homebrew/bin/gmake -f Makefile cmTC_690b1/fast && /opt/homebrew/bin/gmake  -f CMakeFiles/cmTC_690b1.dir/build.make CMakeFiles/cmTC_690b1.dir/build
gmake[1]: Entering directory '/Users/akanksha/Desktop/files/Data Science Projects/Photo Editor/opencv-python-4.5.3.56/_skbuild/macosx-10.16-x86_64-3.7/cmake-build/CMakeFiles/CMakeTmp'
Building CXX object CMakeFiles/cmTC_690b1.dir/cpu_avx512knm.cpp.o
/Library/Developer/CommandLineTools/usr/bin/c++   -O3 -DNDEBUG -arch x86_64 -isysroot /Library/Developer/CommandLineTools/SDKs/MacOSX12.0.sdk -mmacosx-version-min=10.16 -fPIE -std=c++11 -MD -MT CMakeFiles/cmTC_690b1.dir/cpu_avx512knm.cpp.o -MF CMakeFiles/cmTC_690b1.dir/cpu_avx512knm.cpp.o.d -o CMakeFiles/cmTC_690b1.dir/cpu_avx512knm.cpp.o -c "/Users/akanksha/Desktop/files/Data Science Projects/Photo Editor/opencv-python-4.5.3.56/opencv/cmake/checks/cpu_avx512knm.cpp"
/Users/akanksha/Desktop/files/Data Science Projects/Photo Editor/opencv-python-4.5.3.56/opencv/cmake/checks/cpu_avx512knm.cpp:15:2: error: "AVX512-KNM is not supported"
#error "AVX512-KNM is not supported"
 ^
1 error generated.
gmake[1]: *** [CMakeFiles/cmTC_690b1.dir/build.make:79: CMakeFiles/cmTC_690b1.dir/cpu_avx512knm.cpp.o] Error 1
gmake[1]: Leaving directory '/Users/akanksha/Desktop/files/Data Science Projects/Photo Editor/opencv-python-4.5.3.56/_skbuild/macosx-10.16-x86_64-3.7/cmake-build/CMakeFiles/CMakeTmp'
gmake: *** [Makefile:127: cmTC_690b1/fast] Error 2


===== END =====

Compilation failed:
    source file: '/Users/akanksha/Desktop/files/Data Science Projects/Photo Editor/opencv-python-4.5.3.56/opencv/cmake/checks/cpu_avx512knm.cpp'
    check option: ' -mavx512f -mavx512cd -mavx512er -mavx512pf -mavx5124fmaps -mavx5124vnniw -mavx512vpopcntdq'
===== BUILD LOG =====
Change Dir: /Users/akanksha/Desktop/files/Data Science Projects/Photo Editor/opencv-python-4.5.3.56/_skbuild/macosx-10.16-x86_64-3.7/cmake-build/CMakeFiles/CMakeTmp

Run Build Command(s):/opt/homebrew/bin/gmake -f Makefile cmTC_1332d/fast && /opt/homebrew/bin/gmake  -f CMakeFiles/cmTC_1332d.dir/build.make CMakeFiles/cmTC_1332d.dir/build
gmake[1]: Entering directory '/Users/akanksha/Desktop/files/Data Science Projects/Photo Editor/opencv-python-4.5.3.56/_skbuild/macosx-10.16-x86_64-3.7/cmake-build/CMakeFiles/CMakeTmp'
Building CXX object CMakeFiles/cmTC_1332d.dir/cpu_avx512knm.cpp.o
/Library/Developer/CommandLineTools/usr/bin/c++   -O3 -DNDEBUG -arch x86_64 -isysroot /Library/Developer/CommandLineTools/SDKs/MacOSX12.0.sdk -mmacosx-version-min=10.16 -fPIE    -mavx512f -mavx512cd -mavx512er -mavx512pf -mavx5124fmaps -mavx5124vnniw -mavx512vpopcntdq -std=c++11 -MD -MT CMakeFiles/cmTC_1332d.dir/cpu_avx512knm.cpp.o -MF CMakeFiles/cmTC_1332d.dir/cpu_avx512knm.cpp.o.d -o CMakeFiles/cmTC_1332d.dir/cpu_avx512knm.cpp.o -c "/Users/akanksha/Desktop/files/Data Science Projects/Photo Editor/opencv-python-4.5.3.56/opencv/cmake/checks/cpu_avx512knm.cpp"
clang: error: unknown argument: '-mavx5124fmaps'
clang: error: unknown argument: '-mavx5124vnniw'
gmake[1]: *** [CMakeFiles/cmTC_1332d.dir/build.make:79: CMakeFiles/cmTC_1332d.dir/cpu_avx512knm.cpp.o] Error 1
gmake[1]: Leaving directory '/Users/akanksha/Desktop/files/Data Science Projects/Photo Editor/opencv-python-4.5.3.56/_skbuild/macosx-10.16-x86_64-3.7/cmake-build/CMakeFiles/CMakeTmp'
gmake: *** [Makefile:127: cmTC_1332d/fast] Error 2


===== END =====

Compilation failed:
    source file: '/Users/akanksha/Desktop/files/Data Science Projects/Photo Editor/opencv-python-4.5.3.56/opencv/cmake/checks/cpu_avx512skx.cpp'
    check option: ''
===== BUILD LOG =====
Change Dir: /Users/akanksha/Desktop/files/Data Science Projects/Photo Editor/opencv-python-4.5.3.56/_skbuild/macosx-10.16-x86_64-3.7/cmake-build/CMakeFiles/CMakeTmp

Run Build Command(s):/opt/homebrew/bin/gmake -f Makefile cmTC_39513/fast && /opt/homebrew/bin/gmake  -f CMakeFiles/cmTC_39513.dir/build.make CMakeFiles/cmTC_39513.dir/build
gmake[1]: Entering directory '/Users/akanksha/Desktop/files/Data Science Projects/Photo Editor/opencv-python-4.5.3.56/_skbuild/macosx-10.16-x86_64-3.7/cmake-build/CMakeFiles/CMakeTmp'
Building CXX object CMakeFiles/cmTC_39513.dir/cpu_avx512skx.cpp.o
/Library/Developer/CommandLineTools/usr/bin/c++   -O3 -DNDEBUG -arch x86_64 -isysroot /Library/Developer/CommandLineTools/SDKs/MacOSX12.0.sdk -mmacosx-version-min=10.16 -fPIE -std=c++11 -MD -MT CMakeFiles/cmTC_39513.dir/cpu_avx512skx.cpp.o -MF CMakeFiles/cmTC_39513.dir/cpu_avx512skx.cpp.o.d -o CMakeFiles/cmTC_39513.dir/cpu_avx512skx.cpp.o -c "/Users/akanksha/Desktop/files/Data Science Projects/Photo Editor/opencv-python-4.5.3.56/opencv/cmake/checks/cpu_avx512skx.cpp"
/Users/akanksha/Desktop/files/Data Science Projects/Photo Editor/opencv-python-4.5.3.56/opencv/cmake/checks/cpu_avx512skx.cpp:30:2: error: "AVX512-SKX is not supported"
#error "AVX512-SKX is not supported"
 ^
1 error generated.
gmake[1]: *** [CMakeFiles/cmTC_39513.dir/build.make:79: CMakeFiles/cmTC_39513.dir/cpu_avx512skx.cpp.o] Error 1
gmake[1]: Leaving directory '/Users/akanksha/Desktop/files/Data Science Projects/Photo Editor/opencv-python-4.5.3.56/_skbuild/macosx-10.16-x86_64-3.7/cmake-build/CMakeFiles/CMakeTmp'
gmake: *** [Makefile:127: cmTC_39513/fast] Error 2


===== END =====

Compilation failed:
    source file: '/Users/akanksha/Desktop/files/Data Science Projects/Photo Editor/opencv-python-4.5.3.56/opencv/cmake/checks/cpu_avx512cnl.cpp'
    check option: ''
===== BUILD LOG =====
Change Dir: /Users/akanksha/Desktop/files/Data Science Projects/Photo Editor/opencv-python-4.5.3.56/_skbuild/macosx-10.16-x86_64-3.7/cmake-build/CMakeFiles/CMakeTmp

Run Build Command(s):/opt/homebrew/bin/gmake -f Makefile cmTC_7d247/fast && /opt/homebrew/bin/gmake  -f CMakeFiles/cmTC_7d247.dir/build.make CMakeFiles/cmTC_7d247.dir/build
gmake[1]: Entering directory '/Users/akanksha/Desktop/files/Data Science Projects/Photo Editor/opencv-python-4.5.3.56/_skbuild/macosx-10.16-x86_64-3.7/cmake-build/CMakeFiles/CMakeTmp'
Building CXX object CMakeFiles/cmTC_7d247.dir/cpu_avx512cnl.cpp.o
/Library/Developer/CommandLineTools/usr/bin/c++   -O3 -DNDEBUG -arch x86_64 -isysroot /Library/Developer/CommandLineTools/SDKs/MacOSX12.0.sdk -mmacosx-version-min=10.16 -fPIE -std=c++11 -MD -MT CMakeFiles/cmTC_7d247.dir/cpu_avx512cnl.cpp.o -MF CMakeFiles/cmTC_7d247.dir/cpu_avx512cnl.cpp.o.d -o CMakeFiles/cmTC_7d247.dir/cpu_avx512cnl.cpp.o -c "/Users/akanksha/Desktop/files/Data Science Projects/Photo Editor/opencv-python-4.5.3.56/opencv/cmake/checks/cpu_avx512cnl.cpp"
/Users/akanksha/Desktop/files/Data Science Projects/Photo Editor/opencv-python-4.5.3.56/opencv/cmake/checks/cpu_avx512cnl.cpp:10:2: error: "AVX512-CNL is not supported"
#error "AVX512-CNL is not supported"
 ^
1 error generated.
gmake[1]: *** [CMakeFiles/cmTC_7d247.dir/build.make:79: CMakeFiles/cmTC_7d247.dir/cpu_avx512cnl.cpp.o] Error 1
gmake[1]: Leaving directory '/Users/akanksha/Desktop/files/Data Science Projects/Photo Editor/opencv-python-4.5.3.56/_skbuild/macosx-10.16-x86_64-3.7/cmake-build/CMakeFiles/CMakeTmp'
gmake: *** [Makefile:127: cmTC_7d247/fast] Error 2


===== END =====

Compilation failed:
    source file: '/Users/akanksha/Desktop/files/Data Science Projects/Photo Editor/opencv-python-4.5.3.56/opencv/cmake/checks/cpu_avx512clx.cpp'
    check option: ''
===== BUILD LOG =====
Change Dir: /Users/akanksha/Desktop/files/Data Science Projects/Photo Editor/opencv-python-4.5.3.56/_skbuild/macosx-10.16-x86_64-3.7/cmake-build/CMakeFiles/CMakeTmp

Run Build Command(s):/opt/homebrew/bin/gmake -f Makefile cmTC_66a4e/fast && /opt/homebrew/bin/gmake  -f CMakeFiles/cmTC_66a4e.dir/build.make CMakeFiles/cmTC_66a4e.dir/build
gmake[1]: Entering directory '/Users/akanksha/Desktop/files/Data Science Projects/Photo Editor/opencv-python-4.5.3.56/_skbuild/macosx-10.16-x86_64-3.7/cmake-build/CMakeFiles/CMakeTmp'
Building CXX object CMakeFiles/cmTC_66a4e.dir/cpu_avx512clx.cpp.o
/Library/Developer/CommandLineTools/usr/bin/c++   -O3 -DNDEBUG -arch x86_64 -isysroot /Library/Developer/CommandLineTools/SDKs/MacOSX12.0.sdk -mmacosx-version-min=10.16 -fPIE -std=c++11 -MD -MT CMakeFiles/cmTC_66a4e.dir/cpu_avx512clx.cpp.o -MF CMakeFiles/cmTC_66a4e.dir/cpu_avx512clx.cpp.o.d -o CMakeFiles/cmTC_66a4e.dir/cpu_avx512clx.cpp.o -c "/Users/akanksha/Desktop/files/Data Science Projects/Photo Editor/opencv-python-4.5.3.56/opencv/cmake/checks/cpu_avx512clx.cpp"
/Users/akanksha/Desktop/files/Data Science Projects/Photo Editor/opencv-python-4.5.3.56/opencv/cmake/checks/cpu_avx512clx.cpp:9:2: error: "AVX512-CLX is not supported"
#error "AVX512-CLX is not supported"
 ^
1 error generated.
gmake[1]: *** [CMakeFiles/cmTC_66a4e.dir/build.make:79: CMakeFiles/cmTC_66a4e.dir/cpu_avx512clx.cpp.o] Error 1
gmake[1]: Leaving directory '/Users/akanksha/Desktop/files/Data Science Projects/Photo Editor/opencv-python-4.5.3.56/_skbuild/macosx-10.16-x86_64-3.7/cmake-build/CMakeFiles/CMakeTmp'
gmake: *** [Makefile:127: cmTC_66a4e/fast] Error 2


===== END =====

Compilation failed:
    source file: '/Users/akanksha/Desktop/files/Data Science Projects/Photo Editor/opencv-python-4.5.3.56/opencv/cmake/checks/cpu_avx512icl.cpp'
    check option: ''
===== BUILD LOG =====
Change Dir: /Users/akanksha/Desktop/files/Data Science Projects/Photo Editor/opencv-python-4.5.3.56/_skbuild/macosx-10.16-x86_64-3.7/cmake-build/CMakeFiles/CMakeTmp

Run Build Command(s):/opt/homebrew/bin/gmake -f Makefile cmTC_b713c/fast && /opt/homebrew/bin/gmake  -f CMakeFiles/cmTC_b713c.dir/build.make CMakeFiles/cmTC_b713c.dir/build
gmake[1]: Entering directory '/Users/akanksha/Desktop/files/Data Science Projects/Photo Editor/opencv-python-4.5.3.56/_skbuild/macosx-10.16-x86_64-3.7/cmake-build/CMakeFiles/CMakeTmp'
Building CXX object CMakeFiles/cmTC_b713c.dir/cpu_avx512icl.cpp.o
/Library/Developer/CommandLineTools/usr/bin/c++   -O3 -DNDEBUG -arch x86_64 -isysroot /Library/Developer/CommandLineTools/SDKs/MacOSX12.0.sdk -mmacosx-version-min=10.16 -fPIE -std=c++11 -MD -MT CMakeFiles/cmTC_b713c.dir/cpu_avx512icl.cpp.o -MF CMakeFiles/cmTC_b713c.dir/cpu_avx512icl.cpp.o.d -o CMakeFiles/cmTC_b713c.dir/cpu_avx512icl.cpp.o -c "/Users/akanksha/Desktop/files/Data Science Projects/Photo Editor/opencv-python-4.5.3.56/opencv/cmake/checks/cpu_avx512icl.cpp"
/Users/akanksha/Desktop/files/Data Science Projects/Photo Editor/opencv-python-4.5.3.56/opencv/cmake/checks/cpu_avx512icl.cpp:12:2: error: "AVX512-ICL is not supported"
#error "AVX512-ICL is not supported"
 ^
1 error generated.
gmake[1]: *** [CMakeFiles/cmTC_b713c.dir/build.make:79: CMakeFiles/cmTC_b713c.dir/cpu_avx512icl.cpp.o] Error 1
gmake[1]: Leaving directory '/Users/akanksha/Desktop/files/Data Science Projects/Photo Editor/opencv-python-4.5.3.56/_skbuild/macosx-10.16-x86_64-3.7/cmake-build/CMakeFiles/CMakeTmp'
gmake: *** [Makefile:127: cmTC_b713c/fast] Error 2


===== END =====

Compilation failed:
    source file: '/Users/akanksha/Desktop/files/Data Science Projects/Photo Editor/opencv-python-4.5.3.56/_skbuild/macosx-10.16-x86_64-3.7/cmake-build/CMakeFiles/CMakeTmp/src.cxx'
    check option: ''
===== BUILD LOG =====
Change Dir: /Users/akanksha/Desktop/files/Data Science Projects/Photo Editor/opencv-python-4.5.3.56/_skbuild/macosx-10.16-x86_64-3.7/cmake-build/CMakeFiles/CMakeTmp

Run Build Command(s):/opt/homebrew/bin/gmake -f Makefile cmTC_4e74e/fast && /opt/homebrew/bin/gmake  -f CMakeFiles/cmTC_4e74e.dir/build.make CMakeFiles/cmTC_4e74e.dir/build
gmake[1]: Entering directory '/Users/akanksha/Desktop/files/Data Science Projects/Photo Editor/opencv-python-4.5.3.56/_skbuild/macosx-10.16-x86_64-3.7/cmake-build/CMakeFiles/CMakeTmp'
Building CXX object CMakeFiles/cmTC_4e74e.dir/src.cxx.o
/Library/Developer/CommandLineTools/usr/bin/c++   -O3 -DNDEBUG -arch x86_64 -isysroot /Library/Developer/CommandLineTools/SDKs/MacOSX12.0.sdk -mmacosx-version-min=10.16 -fPIE -std=c++11 -MD -MT CMakeFiles/cmTC_4e74e.dir/src.cxx.o -MF CMakeFiles/cmTC_4e74e.dir/src.cxx.o.d -o CMakeFiles/cmTC_4e74e.dir/src.cxx.o -c "/Users/akanksha/Desktop/files/Data Science Projects/Photo Editor/opencv-python-4.5.3.56/_skbuild/macosx-10.16-x86_64-3.7/cmake-build/CMakeFiles/CMakeTmp/src.cxx"
Linking CXX executable cmTC_4e74e
"/Users/akanksha/Desktop/files/Data Science Projects/Photo Editor/venv/lib/python3.7/site-packages/cmake/data/CMake.app/Contents/bin/cmake" -E cmake_link_script CMakeFiles/cmTC_4e74e.dir/link.txt --verbose=1
/Library/Developer/CommandLineTools/usr/bin/c++ -O3 -DNDEBUG -arch x86_64 -isysroot /Library/Developer/CommandLineTools/SDKs/MacOSX12.0.sdk -mmacosx-version-min=10.16 -Wl,-search_paths_first -Wl,-headerpad_max_install_names  -Wl,--as-needed  CMakeFiles/cmTC_4e74e.dir/src.cxx.o -o cmTC_4e74e 
ld: unknown option: --as-needed
clang: error: linker command failed with exit code 1 (use -v to see invocation)
gmake[1]: *** [CMakeFiles/cmTC_4e74e.dir/build.make:100: cmTC_4e74e] Error 1
gmake[1]: Leaving directory '/Users/akanksha/Desktop/files/Data Science Projects/Photo Editor/opencv-python-4.5.3.56/_skbuild/macosx-10.16-x86_64-3.7/cmake-build/CMakeFiles/CMakeTmp'
gmake: *** [Makefile:127: cmTC_4e74e/fast] Error 2


===== END =====

Determining if the include file malloc.h exists failed with the following output:
Change Dir: /Users/akanksha/Desktop/files/Data Science Projects/Photo Editor/opencv-python-4.5.3.56/_skbuild/macosx-10.16-x86_64-3.7/cmake-build/CMakeFiles/CMakeTmp

Run Build Command(s):/opt/homebrew/bin/gmake -f Makefile cmTC_9e95c/fast && /opt/homebrew/bin/gmake  -f CMakeFiles/cmTC_9e95c.dir/build.make CMakeFiles/cmTC_9e95c.dir/build
gmake[1]: Entering directory '/Users/akanksha/Desktop/files/Data Science Projects/Photo Editor/opencv-python-4.5.3.56/_skbuild/macosx-10.16-x86_64-3.7/cmake-build/CMakeFiles/CMakeTmp'
Building C object CMakeFiles/cmTC_9e95c.dir/CheckIncludeFile.c.o
/Library/Developer/CommandLineTools/usr/bin/cc   -fsigned-char -W -Wall -Werror=return-type -Werror=non-virtual-dtor -Werror=address -Werror=sequence-point -Wformat -Werror=format-security -Wmissing-declarations -Wmissing-prototypes -Wstrict-prototypes -Wundef -Winit-self -Wpointer-arith -Wshadow -Wsign-promo -Wuninitialized -Wno-delete-non-virtual-dtor -Wno-unnamed-type-template-args -Wno-comment -fdiagnostics-show-option -Wno-long-long -Qunused-arguments -Wno-semicolon-before-method-body -ffunction-sections -fdata-sections  -fvisibility=hidden -fvisibility-inlines-hidden  -O3 -DNDEBUG  -DNDEBUG -arch x86_64 -isysroot /Library/Developer/CommandLineTools/SDKs/MacOSX12.0.sdk -mmacosx-version-min=10.16 -fPIE -MD -MT CMakeFiles/cmTC_9e95c.dir/CheckIncludeFile.c.o -MF CMakeFiles/cmTC_9e95c.dir/CheckIncludeFile.c.o.d -o CMakeFiles/cmTC_9e95c.dir/CheckIncludeFile.c.o -c "/Users/akanksha/Desktop/files/Data Science Projects/Photo Editor/opencv-python-4.5.3.56/_skbuild/macosx-10.16-x86_64-3.7/cmake-build/CMakeFiles/CMakeTmp/CheckIncludeFile.c"
/Users/akanksha/Desktop/files/Data Science Projects/Photo Editor/opencv-python-4.5.3.56/_skbuild/macosx-10.16-x86_64-3.7/cmake-build/CMakeFiles/CMakeTmp/CheckIncludeFile.c:1:10: fatal error: 'malloc.h' file not found
#include <malloc.h>
         ^~~~~~~~~~
1 error generated.
gmake[1]: *** [CMakeFiles/cmTC_9e95c.dir/build.make:79: CMakeFiles/cmTC_9e95c.dir/CheckIncludeFile.c.o] Error 1
gmake[1]: Leaving directory '/Users/akanksha/Desktop/files/Data Science Projects/Photo Editor/opencv-python-4.5.3.56/_skbuild/macosx-10.16-x86_64-3.7/cmake-build/CMakeFiles/CMakeTmp'
gmake: *** [Makefile:127: cmTC_9e95c/fast] Error 2



Determining size of off64_t failed with the following output:
Change Dir: /Users/akanksha/Desktop/files/Data Science Projects/Photo Editor/opencv-python-4.5.3.56/_skbuild/macosx-10.16-x86_64-3.7/cmake-build/CMakeFiles/CMakeTmp

Run Build Command(s):/opt/homebrew/bin/gmake -f Makefile cmTC_7e55a/fast && /opt/homebrew/bin/gmake  -f CMakeFiles/cmTC_7e55a.dir/build.make CMakeFiles/cmTC_7e55a.dir/build
gmake[1]: Entering directory '/Users/akanksha/Desktop/files/Data Science Projects/Photo Editor/opencv-python-4.5.3.56/_skbuild/macosx-10.16-x86_64-3.7/cmake-build/CMakeFiles/CMakeTmp'
Building C object CMakeFiles/cmTC_7e55a.dir/OFF64_T.c.o
/Library/Developer/CommandLineTools/usr/bin/cc   -fsigned-char -W -Wall -Werror=return-type -Werror=non-virtual-dtor -Werror=address -Werror=sequence-point -Wformat -Werror=format-security -Wmissing-declarations -Wmissing-prototypes -Wstrict-prototypes -Wundef -Winit-self -Wpointer-arith -Wshadow -Wsign-promo -Wuninitialized -Wno-delete-non-virtual-dtor -Wno-unnamed-type-template-args -Wno-comment -fdiagnostics-show-option -Wno-long-long -Qunused-arguments -Wno-semicolon-before-method-body -ffunction-sections -fdata-sections  -fvisibility=hidden -fvisibility-inlines-hidden  -O3 -DNDEBUG  -DNDEBUG -arch x86_64 -isysroot /Library/Developer/CommandLineTools/SDKs/MacOSX12.0.sdk -mmacosx-version-min=10.16 -fPIE -MD -MT CMakeFiles/cmTC_7e55a.dir/OFF64_T.c.o -MF CMakeFiles/cmTC_7e55a.dir/OFF64_T.c.o.d -o CMakeFiles/cmTC_7e55a.dir/OFF64_T.c.o -c "/Users/akanksha/Desktop/files/Data Science Projects/Photo Editor/opencv-python-4.5.3.56/_skbuild/macosx-10.16-x86_64-3.7/cmake-build/CMakeFiles/CheckTypeSize/OFF64_T.c"
/Users/akanksha/Desktop/files/Data Science Projects/Photo Editor/opencv-python-4.5.3.56/_skbuild/macosx-10.16-x86_64-3.7/cmake-build/CMakeFiles/CheckTypeSize/OFF64_T.c:29:12: error: use of undeclared identifier 'off64_t'
  ('0' + ((SIZE / 10000)%10)),
           ^
/Users/akanksha/Desktop/files/Data Science Projects/Photo Editor/opencv-python-4.5.3.56/_skbuild/macosx-10.16-x86_64-3.7/cmake-build/CMakeFiles/CheckTypeSize/OFF64_T.c:27:22: note: expanded from macro 'SIZE'
#define SIZE (sizeof(off64_t))
                     ^
/Users/akanksha/Desktop/files/Data Science Projects/Photo Editor/opencv-python-4.5.3.56/_skbuild/macosx-10.16-x86_64-3.7/cmake-build/CMakeFiles/CheckTypeSize/OFF64_T.c:30:12: error: use of undeclared identifier 'off64_t'
  ('0' + ((SIZE / 1000)%10)),
           ^
/Users/akanksha/Desktop/files/Data Science Projects/Photo Editor/opencv-python-4.5.3.56/_skbuild/macosx-10.16-x86_64-3.7/cmake-build/CMakeFiles/CheckTypeSize/OFF64_T.c:27:22: note: expanded from macro 'SIZE'
#define SIZE (sizeof(off64_t))
                     ^
/Users/akanksha/Desktop/files/Data Science Projects/Photo Editor/opencv-python-4.5.3.56/_skbuild/macosx-10.16-x86_64-3.7/cmake-build/CMakeFiles/CheckTypeSize/OFF64_T.c:31:12: error: use of undeclared identifier 'off64_t'
  ('0' + ((SIZE / 100)%10)),
           ^
/Users/akanksha/Desktop/files/Data Science Projects/Photo Editor/opencv-python-4.5.3.56/_skbuild/macosx-10.16-x86_64-3.7/cmake-build/CMakeFiles/CheckTypeSize/OFF64_T.c:27:22: note: expanded from macro 'SIZE'
#define SIZE (sizeof(off64_t))
                     ^
/Users/akanksha/Desktop/files/Data Science Projects/Photo Editor/opencv-python-4.5.3.56/_skbuild/macosx-10.16-x86_64-3.7/cmake-build/CMakeFiles/CheckTypeSize/OFF64_T.c:32:12: error: use of undeclared identifier 'off64_t'
  ('0' + ((SIZE / 10)%10)),
           ^
/Users/akanksha/Desktop/files/Data Science Projects/Photo Editor/opencv-python-4.5.3.56/_skbuild/macosx-10.16-x86_64-3.7/cmake-build/CMakeFiles/CheckTypeSize/OFF64_T.c:27:22: note: expanded from macro 'SIZE'
#define SIZE (sizeof(off64_t))
                     ^
/Users/akanksha/Desktop/files/Data Science Projects/Photo Editor/opencv-python-4.5.3.56/_skbuild/macosx-10.16-x86_64-3.7/cmake-build/CMakeFiles/CheckTypeSize/OFF64_T.c:33:12: error: use of undeclared identifier 'off64_t'
  ('0' +  (SIZE    % 10)),
           ^
/Users/akanksha/Desktop/files/Data Science Projects/Photo Editor/opencv-python-4.5.3.56/_skbuild/macosx-10.16-x86_64-3.7/cmake-build/CMakeFiles/CheckTypeSize/OFF64_T.c:27:22: note: expanded from macro 'SIZE'
#define SIZE (sizeof(off64_t))
                     ^
5 errors generated.
gmake[1]: *** [CMakeFiles/cmTC_7e55a.dir/build.make:79: CMakeFiles/cmTC_7e55a.dir/OFF64_T.c.o] Error 1
gmake[1]: Leaving directory '/Users/akanksha/Desktop/files/Data Science Projects/Photo Editor/opencv-python-4.5.3.56/_skbuild/macosx-10.16-x86_64-3.7/cmake-build/CMakeFiles/CMakeTmp'
gmake: *** [Makefile:127: cmTC_7e55a/fast] Error 2


/Users/akanksha/Desktop/files/Data Science Projects/Photo Editor/opencv-python-4.5.3.56/_skbuild/macosx-10.16-x86_64-3.7/cmake-build/CMakeFiles/CheckTypeSize/OFF64_T.c:
#include <sys/types.h>
#include <stdint.h>
#include <stddef.h>


#undef KEY
#if defined(__i386)
# define KEY '_','_','i','3','8','6'
#elif defined(__x86_64)
# define KEY '_','_','x','8','6','_','6','4'
#elif defined(__PPC64__)
# define KEY '_','_','P','P','C','6','4','_','_'
#elif defined(__ppc64__)
# define KEY '_','_','p','p','c','6','4','_','_'
#elif defined(__PPC__)
# define KEY '_','_','P','P','C','_','_'
#elif defined(__ppc__)
# define KEY '_','_','p','p','c','_','_'
#elif defined(__aarch64__)
# define KEY '_','_','a','a','r','c','h','6','4','_','_'
#elif defined(__ARM_ARCH_7A__)
# define KEY '_','_','A','R','M','_','A','R','C','H','_','7','A','_','_'
#elif defined(__ARM_ARCH_7S__)
# define KEY '_','_','A','R','M','_','A','R','C','H','_','7','S','_','_'
#endif

#define SIZE (sizeof(off64_t))
static char info_size[] =  {'I', 'N', 'F', 'O', ':', 's','i','z','e','[',
  ('0' + ((SIZE / 10000)%10)),
  ('0' + ((SIZE / 1000)%10)),
  ('0' + ((SIZE / 100)%10)),
  ('0' + ((SIZE / 10)%10)),
  ('0' +  (SIZE    % 10)),
  ']',
#ifdef KEY
  ' ','k','e','y','[', KEY, ']',
#endif
  '\0'};

#ifdef __CLASSIC_C__
int main(argc, argv) int argc; char *argv[];
#else
int main(int argc, char *argv[])
#endif
{
  int require = 0;
  require += info_size[argc];
  (void)argv;
  return require;
}


Determining if the include file io.h exists failed with the following output:
Change Dir: /Users/akanksha/Desktop/files/Data Science Projects/Photo Editor/opencv-python-4.5.3.56/_skbuild/macosx-10.16-x86_64-3.7/cmake-build/CMakeFiles/CMakeTmp

Run Build Command(s):/opt/homebrew/bin/gmake -f Makefile cmTC_81439/fast && /opt/homebrew/bin/gmake  -f CMakeFiles/cmTC_81439.dir/build.make CMakeFiles/cmTC_81439.dir/build
gmake[1]: Entering directory '/Users/akanksha/Desktop/files/Data Science Projects/Photo Editor/opencv-python-4.5.3.56/_skbuild/macosx-10.16-x86_64-3.7/cmake-build/CMakeFiles/CMakeTmp'
Building C object CMakeFiles/cmTC_81439.dir/CheckIncludeFile.c.o
/Library/Developer/CommandLineTools/usr/bin/cc   -fsigned-char -W -Wall -Werror=return-type -Werror=non-virtual-dtor -Werror=address -Werror=sequence-point -Wformat -Werror=format-security -Wmissing-declarations -Wmissing-prototypes -Wstrict-prototypes -Wundef -Winit-self -Wpointer-arith -Wshadow -Wsign-promo -Wuninitialized -Wno-delete-non-virtual-dtor -Wno-unnamed-type-template-args -Wno-comment -fdiagnostics-show-option -Wno-long-long -Qunused-arguments -Wno-semicolon-before-method-body -ffunction-sections -fdata-sections  -fvisibility=hidden -fvisibility-inlines-hidden  -O3 -DNDEBUG  -DNDEBUG -arch x86_64 -isysroot /Library/Developer/CommandLineTools/SDKs/MacOSX12.0.sdk -mmacosx-version-min=10.16 -fPIE -MD -MT CMakeFiles/cmTC_81439.dir/CheckIncludeFile.c.o -MF CMakeFiles/cmTC_81439.dir/CheckIncludeFile.c.o.d -o CMakeFiles/cmTC_81439.dir/CheckIncludeFile.c.o -c "/Users/akanksha/Desktop/files/Data Science Projects/Photo Editor/opencv-python-4.5.3.56/_skbuild/macosx-10.16-x86_64-3.7/cmake-build/CMakeFiles/CMakeTmp/CheckIncludeFile.c"
/Users/akanksha/Desktop/files/Data Science Projects/Photo Editor/opencv-python-4.5.3.56/_skbuild/macosx-10.16-x86_64-3.7/cmake-build/CMakeFiles/CMakeTmp/CheckIncludeFile.c:1:10: fatal error: 'io.h' file not found
#include <io.h>
         ^~~~~~
1 error generated.
gmake[1]: *** [CMakeFiles/cmTC_81439.dir/build.make:79: CMakeFiles/cmTC_81439.dir/CheckIncludeFile.c.o] Error 1
gmake[1]: Leaving directory '/Users/akanksha/Desktop/files/Data Science Projects/Photo Editor/opencv-python-4.5.3.56/_skbuild/macosx-10.16-x86_64-3.7/cmake-build/CMakeFiles/CMakeTmp'
gmake: *** [Makefile:127: cmTC_81439/fast] Error 2



Determining size of INT8 failed with the following output:
Change Dir: /Users/akanksha/Desktop/files/Data Science Projects/Photo Editor/opencv-python-4.5.3.56/_skbuild/macosx-10.16-x86_64-3.7/cmake-build/CMakeFiles/CMakeTmp

Run Build Command(s):/opt/homebrew/bin/gmake -f Makefile cmTC_ef867/fast && /opt/homebrew/bin/gmake  -f CMakeFiles/cmTC_ef867.dir/build.make CMakeFiles/cmTC_ef867.dir/build
gmake[1]: Entering directory '/Users/akanksha/Desktop/files/Data Science Projects/Photo Editor/opencv-python-4.5.3.56/_skbuild/macosx-10.16-x86_64-3.7/cmake-build/CMakeFiles/CMakeTmp'
Building C object CMakeFiles/cmTC_ef867.dir/int8.c.o
/Library/Developer/CommandLineTools/usr/bin/cc   -fsigned-char -W -Wall -Werror=return-type -Werror=non-virtual-dtor -Werror=address -Werror=sequence-point -Wformat -Werror=format-security -Wmissing-declarations -Wmissing-prototypes -Wstrict-prototypes -Wundef -Winit-self -Wpointer-arith -Wshadow -Wsign-promo -Wuninitialized -Wno-delete-non-virtual-dtor -Wno-unnamed-type-template-args -Wno-comment -fdiagnostics-show-option -Wno-long-long -Qunused-arguments -Wno-semicolon-before-method-body -ffunction-sections -fdata-sections  -fvisibility=hidden -fvisibility-inlines-hidden  -O3 -DNDEBUG  -DNDEBUG -arch x86_64 -isysroot /Library/Developer/CommandLineTools/SDKs/MacOSX12.0.sdk -mmacosx-version-min=10.16 -fPIE -MD -MT CMakeFiles/cmTC_ef867.dir/int8.c.o -MF CMakeFiles/cmTC_ef867.dir/int8.c.o.d -o CMakeFiles/cmTC_ef867.dir/int8.c.o -c "/Users/akanksha/Desktop/files/Data Science Projects/Photo Editor/opencv-python-4.5.3.56/_skbuild/macosx-10.16-x86_64-3.7/cmake-build/CMakeFiles/CheckTypeSize/int8.c"
/Users/akanksha/Desktop/files/Data Science Projects/Photo Editor/opencv-python-4.5.3.56/_skbuild/macosx-10.16-x86_64-3.7/cmake-build/CMakeFiles/CheckTypeSize/int8.c:29:12: error: use of undeclared identifier 'INT8'
  ('0' + ((SIZE / 10000)%10)),
           ^
/Users/akanksha/Desktop/files/Data Science Projects/Photo Editor/opencv-python-4.5.3.56/_skbuild/macosx-10.16-x86_64-3.7/cmake-build/CMakeFiles/CheckTypeSize/int8.c:27:22: note: expanded from macro 'SIZE'
#define SIZE (sizeof(INT8))
                     ^
/Users/akanksha/Desktop/files/Data Science Projects/Photo Editor/opencv-python-4.5.3.56/_skbuild/macosx-10.16-x86_64-3.7/cmake-build/CMakeFiles/CheckTypeSize/int8.c:30:12: error: use of undeclared identifier 'INT8'
  ('0' + ((SIZE / 1000)%10)),
           ^
/Users/akanksha/Desktop/files/Data Science Projects/Photo Editor/opencv-python-4.5.3.56/_skbuild/macosx-10.16-x86_64-3.7/cmake-build/CMakeFiles/CheckTypeSize/int8.c:27:22: note: expanded from macro 'SIZE'
#define SIZE (sizeof(INT8))
                     ^
/Users/akanksha/Desktop/files/Data Science Projects/Photo Editor/opencv-python-4.5.3.56/_skbuild/macosx-10.16-x86_64-3.7/cmake-build/CMakeFiles/CheckTypeSize/int8.c:31:12: error: use of undeclared identifier 'INT8'
  ('0' + ((SIZE / 100)%10)),
           ^
/Users/akanksha/Desktop/files/Data Science Projects/Photo Editor/opencv-python-4.5.3.56/_skbuild/macosx-10.16-x86_64-3.7/cmake-build/CMakeFiles/CheckTypeSize/int8.c:27:22: note: expanded from macro 'SIZE'
#define SIZE (sizeof(INT8))
                     ^
/Users/akanksha/Desktop/files/Data Science Projects/Photo Editor/opencv-python-4.5.3.56/_skbuild/macosx-10.16-x86_64-3.7/cmake-build/CMakeFiles/CheckTypeSize/int8.c:32:12: error: use of undeclared identifier 'INT8'
  ('0' + ((SIZE / 10)%10)),
           ^
/Users/akanksha/Desktop/files/Data Science Projects/Photo Editor/opencv-python-4.5.3.56/_skbuild/macosx-10.16-x86_64-3.7/cmake-build/CMakeFiles/CheckTypeSize/int8.c:27:22: note: expanded from macro 'SIZE'
#define SIZE (sizeof(INT8))
                     ^
/Users/akanksha/Desktop/files/Data Science Projects/Photo Editor/opencv-python-4.5.3.56/_skbuild/macosx-10.16-x86_64-3.7/cmake-build/CMakeFiles/CheckTypeSize/int8.c:33:12: error: use of undeclared identifier 'INT8'
  ('0' +  (SIZE    % 10)),
           ^
/Users/akanksha/Desktop/files/Data Science Projects/Photo Editor/opencv-python-4.5.3.56/_skbuild/macosx-10.16-x86_64-3.7/cmake-build/CMakeFiles/CheckTypeSize/int8.c:27:22: note: expanded from macro 'SIZE'
#define SIZE (sizeof(INT8))
                     ^
5 errors generated.
gmake[1]: *** [CMakeFiles/cmTC_ef867.dir/build.make:79: CMakeFiles/cmTC_ef867.dir/int8.c.o] Error 1
gmake[1]: Leaving directory '/Users/akanksha/Desktop/files/Data Science Projects/Photo Editor/opencv-python-4.5.3.56/_skbuild/macosx-10.16-x86_64-3.7/cmake-build/CMakeFiles/CMakeTmp'
gmake: *** [Makefile:127: cmTC_ef867/fast] Error 2


/Users/akanksha/Desktop/files/Data Science Projects/Photo Editor/opencv-python-4.5.3.56/_skbuild/macosx-10.16-x86_64-3.7/cmake-build/CMakeFiles/CheckTypeSize/int8.c:
#include <sys/types.h>
#include <stdint.h>
#include <stddef.h>


#undef KEY
#if defined(__i386)
# define KEY '_','_','i','3','8','6'
#elif defined(__x86_64)
# define KEY '_','_','x','8','6','_','6','4'
#elif defined(__PPC64__)
# define KEY '_','_','P','P','C','6','4','_','_'
#elif defined(__ppc64__)
# define KEY '_','_','p','p','c','6','4','_','_'
#elif defined(__PPC__)
# define KEY '_','_','P','P','C','_','_'
#elif defined(__ppc__)
# define KEY '_','_','p','p','c','_','_'
#elif defined(__aarch64__)
# define KEY '_','_','a','a','r','c','h','6','4','_','_'
#elif defined(__ARM_ARCH_7A__)
# define KEY '_','_','A','R','M','_','A','R','C','H','_','7','A','_','_'
#elif defined(__ARM_ARCH_7S__)
# define KEY '_','_','A','R','M','_','A','R','C','H','_','7','S','_','_'
#endif

#define SIZE (sizeof(INT8))
static char info_size[] =  {'I', 'N', 'F', 'O', ':', 's','i','z','e','[',
  ('0' + ((SIZE / 10000)%10)),
  ('0' + ((SIZE / 1000)%10)),
  ('0' + ((SIZE / 100)%10)),
  ('0' + ((SIZE / 10)%10)),
  ('0' +  (SIZE    % 10)),
  ']',
#ifdef KEY
  ' ','k','e','y','[', KEY, ']',
#endif
  '\0'};

#ifdef __CLASSIC_C__
int main(argc, argv) int argc; char *argv[];
#else
int main(int argc, char *argv[])
#endif
{
  int require = 0;
  require += info_size[argc];
  (void)argv;
  return require;
}


Determining size of INT16 failed with the following output:
Change Dir: /Users/akanksha/Desktop/files/Data Science Projects/Photo Editor/opencv-python-4.5.3.56/_skbuild/macosx-10.16-x86_64-3.7/cmake-build/CMakeFiles/CMakeTmp

Run Build Command(s):/opt/homebrew/bin/gmake -f Makefile cmTC_55997/fast && /opt/homebrew/bin/gmake  -f CMakeFiles/cmTC_55997.dir/build.make CMakeFiles/cmTC_55997.dir/build
gmake[1]: Entering directory '/Users/akanksha/Desktop/files/Data Science Projects/Photo Editor/opencv-python-4.5.3.56/_skbuild/macosx-10.16-x86_64-3.7/cmake-build/CMakeFiles/CMakeTmp'
Building C object CMakeFiles/cmTC_55997.dir/int16.c.o
/Library/Developer/CommandLineTools/usr/bin/cc   -fsigned-char -W -Wall -Werror=return-type -Werror=non-virtual-dtor -Werror=address -Werror=sequence-point -Wformat -Werror=format-security -Wmissing-declarations -Wmissing-prototypes -Wstrict-prototypes -Wundef -Winit-self -Wpointer-arith -Wshadow -Wsign-promo -Wuninitialized -Wno-delete-non-virtual-dtor -Wno-unnamed-type-template-args -Wno-comment -fdiagnostics-show-option -Wno-long-long -Qunused-arguments -Wno-semicolon-before-method-body -ffunction-sections -fdata-sections  -fvisibility=hidden -fvisibility-inlines-hidden  -O3 -DNDEBUG  -DNDEBUG -arch x86_64 -isysroot /Library/Developer/CommandLineTools/SDKs/MacOSX12.0.sdk -mmacosx-version-min=10.16 -fPIE -MD -MT CMakeFiles/cmTC_55997.dir/int16.c.o -MF CMakeFiles/cmTC_55997.dir/int16.c.o.d -o CMakeFiles/cmTC_55997.dir/int16.c.o -c "/Users/akanksha/Desktop/files/Data Science Projects/Photo Editor/opencv-python-4.5.3.56/_skbuild/macosx-10.16-x86_64-3.7/cmake-build/CMakeFiles/CheckTypeSize/int16.c"
/Users/akanksha/Desktop/files/Data Science Projects/Photo Editor/opencv-python-4.5.3.56/_skbuild/macosx-10.16-x86_64-3.7/cmake-build/CMakeFiles/CheckTypeSize/int16.c:29:12: error: use of undeclared identifier 'INT16'
  ('0' + ((SIZE / 10000)%10)),
           ^
/Users/akanksha/Desktop/files/Data Science Projects/Photo Editor/opencv-python-4.5.3.56/_skbuild/macosx-10.16-x86_64-3.7/cmake-build/CMakeFiles/CheckTypeSize/int16.c:27:22: note: expanded from macro 'SIZE'
#define SIZE (sizeof(INT16))
                     ^
/Users/akanksha/Desktop/files/Data Science Projects/Photo Editor/opencv-python-4.5.3.56/_skbuild/macosx-10.16-x86_64-3.7/cmake-build/CMakeFiles/CheckTypeSize/int16.c:30:12: error: use of undeclared identifier 'INT16'
  ('0' + ((SIZE / 1000)%10)),
           ^
/Users/akanksha/Desktop/files/Data Science Projects/Photo Editor/opencv-python-4.5.3.56/_skbuild/macosx-10.16-x86_64-3.7/cmake-build/CMakeFiles/CheckTypeSize/int16.c:27:22: note: expanded from macro 'SIZE'
#define SIZE (sizeof(INT16))
                     ^
/Users/akanksha/Desktop/files/Data Science Projects/Photo Editor/opencv-python-4.5.3.56/_skbuild/macosx-10.16-x86_64-3.7/cmake-build/CMakeFiles/CheckTypeSize/int16.c:31:12: error: use of undeclared identifier 'INT16'
  ('0' + ((SIZE / 100)%10)),
           ^
/Users/akanksha/Desktop/files/Data Science Projects/Photo Editor/opencv-python-4.5.3.56/_skbuild/macosx-10.16-x86_64-3.7/cmake-build/CMakeFiles/CheckTypeSize/int16.c:27:22: note: expanded from macro 'SIZE'
#define SIZE (sizeof(INT16))
                     ^
/Users/akanksha/Desktop/files/Data Science Projects/Photo Editor/opencv-python-4.5.3.56/_skbuild/macosx-10.16-x86_64-3.7/cmake-build/CMakeFiles/CheckTypeSize/int16.c:32:12: error: use of undeclared identifier 'INT16'
  ('0' + ((SIZE / 10)%10)),
           ^
/Users/akanksha/Desktop/files/Data Science Projects/Photo Editor/opencv-python-4.5.3.56/_skbuild/macosx-10.16-x86_64-3.7/cmake-build/CMakeFiles/CheckTypeSize/int16.c:27:22: note: expanded from macro 'SIZE'
#define SIZE (sizeof(INT16))
                     ^
/Users/akanksha/Desktop/files/Data Science Projects/Photo Editor/opencv-python-4.5.3.56/_skbuild/macosx-10.16-x86_64-3.7/cmake-build/CMakeFiles/CheckTypeSize/int16.c:33:12: error: use of undeclared identifier 'INT16'
  ('0' +  (SIZE    % 10)),
           ^
/Users/akanksha/Desktop/files/Data Science Projects/Photo Editor/opencv-python-4.5.3.56/_skbuild/macosx-10.16-x86_64-3.7/cmake-build/CMakeFiles/CheckTypeSize/int16.c:27:22: note: expanded from macro 'SIZE'
#define SIZE (sizeof(INT16))
                     ^
5 errors generated.
gmake[1]: *** [CMakeFiles/cmTC_55997.dir/build.make:79: CMakeFiles/cmTC_55997.dir/int16.c.o] Error 1
gmake[1]: Leaving directory '/Users/akanksha/Desktop/files/Data Science Projects/Photo Editor/opencv-python-4.5.3.56/_skbuild/macosx-10.16-x86_64-3.7/cmake-build/CMakeFiles/CMakeTmp'
gmake: *** [Makefile:127: cmTC_55997/fast] Error 2


/Users/akanksha/Desktop/files/Data Science Projects/Photo Editor/opencv-python-4.5.3.56/_skbuild/macosx-10.16-x86_64-3.7/cmake-build/CMakeFiles/CheckTypeSize/int16.c:
#include <sys/types.h>
#include <stdint.h>
#include <stddef.h>


#undef KEY
#if defined(__i386)
# define KEY '_','_','i','3','8','6'
#elif defined(__x86_64)
# define KEY '_','_','x','8','6','_','6','4'
#elif defined(__PPC64__)
# define KEY '_','_','P','P','C','6','4','_','_'
#elif defined(__ppc64__)
# define KEY '_','_','p','p','c','6','4','_','_'
#elif defined(__PPC__)
# define KEY '_','_','P','P','C','_','_'
#elif defined(__ppc__)
# define KEY '_','_','p','p','c','_','_'
#elif defined(__aarch64__)
# define KEY '_','_','a','a','r','c','h','6','4','_','_'
#elif defined(__ARM_ARCH_7A__)
# define KEY '_','_','A','R','M','_','A','R','C','H','_','7','A','_','_'
#elif defined(__ARM_ARCH_7S__)
# define KEY '_','_','A','R','M','_','A','R','C','H','_','7','S','_','_'
#endif

#define SIZE (sizeof(INT16))
static char info_size[] =  {'I', 'N', 'F', 'O', ':', 's','i','z','e','[',
  ('0' + ((SIZE / 10000)%10)),
  ('0' + ((SIZE / 1000)%10)),
  ('0' + ((SIZE / 100)%10)),
  ('0' + ((SIZE / 10)%10)),
  ('0' +  (SIZE    % 10)),
  ']',
#ifdef KEY
  ' ','k','e','y','[', KEY, ']',
#endif
  '\0'};

#ifdef __CLASSIC_C__
int main(argc, argv) int argc; char *argv[];
#else
int main(int argc, char *argv[])
#endif
{
  int require = 0;
  require += info_size[argc];
  (void)argv;
  return require;
}


Determining size of INT32 failed with the following output:
Change Dir: /Users/akanksha/Desktop/files/Data Science Projects/Photo Editor/opencv-python-4.5.3.56/_skbuild/macosx-10.16-x86_64-3.7/cmake-build/CMakeFiles/CMakeTmp

Run Build Command(s):/opt/homebrew/bin/gmake -f Makefile cmTC_5409c/fast && /opt/homebrew/bin/gmake  -f CMakeFiles/cmTC_5409c.dir/build.make CMakeFiles/cmTC_5409c.dir/build
gmake[1]: Entering directory '/Users/akanksha/Desktop/files/Data Science Projects/Photo Editor/opencv-python-4.5.3.56/_skbuild/macosx-10.16-x86_64-3.7/cmake-build/CMakeFiles/CMakeTmp'
Building C object CMakeFiles/cmTC_5409c.dir/int32.c.o
/Library/Developer/CommandLineTools/usr/bin/cc   -fsigned-char -W -Wall -Werror=return-type -Werror=non-virtual-dtor -Werror=address -Werror=sequence-point -Wformat -Werror=format-security -Wmissing-declarations -Wmissing-prototypes -Wstrict-prototypes -Wundef -Winit-self -Wpointer-arith -Wshadow -Wsign-promo -Wuninitialized -Wno-delete-non-virtual-dtor -Wno-unnamed-type-template-args -Wno-comment -fdiagnostics-show-option -Wno-long-long -Qunused-arguments -Wno-semicolon-before-method-body -ffunction-sections -fdata-sections  -fvisibility=hidden -fvisibility-inlines-hidden  -O3 -DNDEBUG  -DNDEBUG -arch x86_64 -isysroot /Library/Developer/CommandLineTools/SDKs/MacOSX12.0.sdk -mmacosx-version-min=10.16 -fPIE -MD -MT CMakeFiles/cmTC_5409c.dir/int32.c.o -MF CMakeFiles/cmTC_5409c.dir/int32.c.o.d -o CMakeFiles/cmTC_5409c.dir/int32.c.o -c "/Users/akanksha/Desktop/files/Data Science Projects/Photo Editor/opencv-python-4.5.3.56/_skbuild/macosx-10.16-x86_64-3.7/cmake-build/CMakeFiles/CheckTypeSize/int32.c"
/Users/akanksha/Desktop/files/Data Science Projects/Photo Editor/opencv-python-4.5.3.56/_skbuild/macosx-10.16-x86_64-3.7/cmake-build/CMakeFiles/CheckTypeSize/int32.c:29:12: error: use of undeclared identifier 'INT32'
  ('0' + ((SIZE / 10000)%10)),
           ^
/Users/akanksha/Desktop/files/Data Science Projects/Photo Editor/opencv-python-4.5.3.56/_skbuild/macosx-10.16-x86_64-3.7/cmake-build/CMakeFiles/CheckTypeSize/int32.c:27:22: note: expanded from macro 'SIZE'
#define SIZE (sizeof(INT32))
                     ^
/Users/akanksha/Desktop/files/Data Science Projects/Photo Editor/opencv-python-4.5.3.56/_skbuild/macosx-10.16-x86_64-3.7/cmake-build/CMakeFiles/CheckTypeSize/int32.c:30:12: error: use of undeclared identifier 'INT32'
  ('0' + ((SIZE / 1000)%10)),
           ^
/Users/akanksha/Desktop/files/Data Science Projects/Photo Editor/opencv-python-4.5.3.56/_skbuild/macosx-10.16-x86_64-3.7/cmake-build/CMakeFiles/CheckTypeSize/int32.c:27:22: note: expanded from macro 'SIZE'
#define SIZE (sizeof(INT32))
                     ^
/Users/akanksha/Desktop/files/Data Science Projects/Photo Editor/opencv-python-4.5.3.56/_skbuild/macosx-10.16-x86_64-3.7/cmake-build/CMakeFiles/CheckTypeSize/int32.c:31:12: error: use of undeclared identifier 'INT32'
  ('0' + ((SIZE / 100)%10)),
           ^
/Users/akanksha/Desktop/files/Data Science Projects/Photo Editor/opencv-python-4.5.3.56/_skbuild/macosx-10.16-x86_64-3.7/cmake-build/CMakeFiles/CheckTypeSize/int32.c:27:22: note: expanded from macro 'SIZE'
#define SIZE (sizeof(INT32))
                     ^
/Users/akanksha/Desktop/files/Data Science Projects/Photo Editor/opencv-python-4.5.3.56/_skbuild/macosx-10.16-x86_64-3.7/cmake-build/CMakeFiles/CheckTypeSize/int32.c:32:12: error: use of undeclared identifier 'INT32'
  ('0' + ((SIZE / 10)%10)),
           ^
/Users/akanksha/Desktop/files/Data Science Projects/Photo Editor/opencv-python-4.5.3.56/_skbuild/macosx-10.16-x86_64-3.7/cmake-build/CMakeFiles/CheckTypeSize/int32.c:27:22: note: expanded from macro 'SIZE'
#define SIZE (sizeof(INT32))
                     ^
/Users/akanksha/Desktop/files/Data Science Projects/Photo Editor/opencv-python-4.5.3.56/_skbuild/macosx-10.16-x86_64-3.7/cmake-build/CMakeFiles/CheckTypeSize/int32.c:33:12: error: use of undeclared identifier 'INT32'
  ('0' +  (SIZE    % 10)),
           ^
/Users/akanksha/Desktop/files/Data Science Projects/Photo Editor/opencv-python-4.5.3.56/_skbuild/macosx-10.16-x86_64-3.7/cmake-build/CMakeFiles/CheckTypeSize/int32.c:27:22: note: expanded from macro 'SIZE'
#define SIZE (sizeof(INT32))
                     ^
5 errors generated.
gmake[1]: *** [CMakeFiles/cmTC_5409c.dir/build.make:79: CMakeFiles/cmTC_5409c.dir/int32.c.o] Error 1
gmake[1]: Leaving directory '/Users/akanksha/Desktop/files/Data Science Projects/Photo Editor/opencv-python-4.5.3.56/_skbuild/macosx-10.16-x86_64-3.7/cmake-build/CMakeFiles/CMakeTmp'
gmake: *** [Makefile:127: cmTC_5409c/fast] Error 2


/Users/akanksha/Desktop/files/Data Science Projects/Photo Editor/opencv-python-4.5.3.56/_skbuild/macosx-10.16-x86_64-3.7/cmake-build/CMakeFiles/CheckTypeSize/int32.c:
#include <sys/types.h>
#include <stdint.h>
#include <stddef.h>


#undef KEY
#if defined(__i386)
# define KEY '_','_','i','3','8','6'
#elif defined(__x86_64)
# define KEY '_','_','x','8','6','_','6','4'
#elif defined(__PPC64__)
# define KEY '_','_','P','P','C','6','4','_','_'
#elif defined(__ppc64__)
# define KEY '_','_','p','p','c','6','4','_','_'
#elif defined(__PPC__)
# define KEY '_','_','P','P','C','_','_'
#elif defined(__ppc__)
# define KEY '_','_','p','p','c','_','_'
#elif defined(__aarch64__)
# define KEY '_','_','a','a','r','c','h','6','4','_','_'
#elif defined(__ARM_ARCH_7A__)
# define KEY '_','_','A','R','M','_','A','R','C','H','_','7','A','_','_'
#elif defined(__ARM_ARCH_7S__)
# define KEY '_','_','A','R','M','_','A','R','C','H','_','7','S','_','_'
#endif

#define SIZE (sizeof(INT32))
static char info_size[] =  {'I', 'N', 'F', 'O', ':', 's','i','z','e','[',
  ('0' + ((SIZE / 10000)%10)),
  ('0' + ((SIZE / 1000)%10)),
  ('0' + ((SIZE / 100)%10)),
  ('0' + ((SIZE / 10)%10)),
  ('0' +  (SIZE    % 10)),
  ']',
#ifdef KEY
  ' ','k','e','y','[', KEY, ']',
#endif
  '\0'};

#ifdef __CLASSIC_C__
int main(argc, argv) int argc; char *argv[];
#else
int main(int argc, char *argv[])
#endif
{
  int require = 0;
  require += info_size[argc];
  (void)argv;
  return require;
}


Build output check failed:
    Regex: 'unknown .*option'
    Output line: 'warning: unknown warning option '-Wno-unused-but-set-variable', did you mean '-Wno-unused-const-variable'? [-Wunknown-warning-option]'
Compilation failed:
    source file: '/Users/akanksha/Desktop/files/Data Science Projects/Photo Editor/opencv-python-4.5.3.56/_skbuild/macosx-10.16-x86_64-3.7/cmake-build/CMakeFiles/CMakeTmp/src.c'
    check option: ' -Wno-unused-but-set-variable'
===== BUILD LOG =====
Change Dir: /Users/akanksha/Desktop/files/Data Science Projects/Photo Editor/opencv-python-4.5.3.56/_skbuild/macosx-10.16-x86_64-3.7/cmake-build/CMakeFiles/CMakeTmp

Run Build Command(s):/opt/homebrew/bin/gmake -f Makefile cmTC_7e8c0/fast && /opt/homebrew/bin/gmake  -f CMakeFiles/cmTC_7e8c0.dir/build.make CMakeFiles/cmTC_7e8c0.dir/build
gmake[1]: Entering directory '/Users/akanksha/Desktop/files/Data Science Projects/Photo Editor/opencv-python-4.5.3.56/_skbuild/macosx-10.16-x86_64-3.7/cmake-build/CMakeFiles/CMakeTmp'
Building C object CMakeFiles/cmTC_7e8c0.dir/src.c.o
/Library/Developer/CommandLineTools/usr/bin/cc   -fsigned-char -W -Wall -Werror=return-type -Werror=non-virtual-dtor -Werror=address -Werror=sequence-point -Wformat -Werror=format-security -Wmissing-declarations -Wmissing-prototypes -Wstrict-prototypes -Wundef -Winit-self -Wpointer-arith -Wshadow -Wsign-promo -Wuninitialized -Wno-delete-non-virtual-dtor -Wno-unnamed-type-template-args -Wno-comment -fdiagnostics-show-option -Wno-long-long -Qunused-arguments -Wno-semicolon-before-method-body -ffunction-sections -fdata-sections  -fvisibility=hidden -fvisibility-inlines-hidden  -O3 -DNDEBUG  -DNDEBUG -arch x86_64 -isysroot /Library/Developer/CommandLineTools/SDKs/MacOSX12.0.sdk -mmacosx-version-min=10.16 -fPIE    -Wno-unused-but-set-variable -MD -MT CMakeFiles/cmTC_7e8c0.dir/src.c.o -MF CMakeFiles/cmTC_7e8c0.dir/src.c.o.d -o CMakeFiles/cmTC_7e8c0.dir/src.c.o -c "/Users/akanksha/Desktop/files/Data Science Projects/Photo Editor/opencv-python-4.5.3.56/_skbuild/macosx-10.16-x86_64-3.7/cmake-build/CMakeFiles/CMakeTmp/src.c"
warning: unknown warning option '-Wno-unused-but-set-variable'; did you mean '-Wno-unused-const-variable'? [-Wunknown-warning-option]
/Users/akanksha/Desktop/files/Data Science Projects/Photo Editor/opencv-python-4.5.3.56/_skbuild/macosx-10.16-x86_64-3.7/cmake-build/CMakeFiles/CMakeTmp/src.c:1:8: warning: unknown pragma ignored [-Wunknown-pragmas]
#pragma
       ^
2 warnings generated.
Linking C executable cmTC_7e8c0
"/Users/akanksha/Desktop/files/Data Science Projects/Photo Editor/venv/lib/python3.7/site-packages/cmake/data/CMake.app/Contents/bin/cmake" -E cmake_link_script CMakeFiles/cmTC_7e8c0.dir/link.txt --verbose=1
/Library/Developer/CommandLineTools/usr/bin/cc    -fsigned-char -W -Wall -Werror=return-type -Werror=non-virtual-dtor -Werror=address -Werror=sequence-point -Wformat -Werror=format-security -Wmissing-declarations -Wmissing-prototypes -Wstrict-prototypes -Wundef -Winit-self -Wpointer-arith -Wshadow -Wsign-promo -Wuninitialized -Wno-delete-non-virtual-dtor -Wno-unnamed-type-template-args -Wno-comment -fdiagnostics-show-option -Wno-long-long -Qunused-arguments -Wno-semicolon-before-method-body -ffunction-sections -fdata-sections  -fvisibility=hidden -fvisibility-inlines-hidden  -O3 -DNDEBUG  -DNDEBUG -arch x86_64 -isysroot /Library/Developer/CommandLineTools/SDKs/MacOSX12.0.sdk -mmacosx-version-min=10.16 -Wl,-search_paths_first -Wl,-headerpad_max_install_names   -Wl,-dead_strip  CMakeFiles/cmTC_7e8c0.dir/src.c.o -o cmTC_7e8c0 
gmake[1]: Leaving directory '/Users/akanksha/Desktop/files/Data Science Projects/Photo Editor/opencv-python-4.5.3.56/_skbuild/macosx-10.16-x86_64-3.7/cmake-build/CMakeFiles/CMakeTmp'


===== END =====

Build output check failed:
    Regex: 'unknown .*option'
    Output line: 'warning: unknown warning option '-Wno-maybe-uninitialized', did you mean '-Wno-uninitialized'? [-Wunknown-warning-option]'
Compilation failed:
    source file: '/Users/akanksha/Desktop/files/Data Science Projects/Photo Editor/opencv-python-4.5.3.56/_skbuild/macosx-10.16-x86_64-3.7/cmake-build/CMakeFiles/CMakeTmp/src.c'
    check option: ' -Wno-maybe-uninitialized'
===== BUILD LOG =====
Change Dir: /Users/akanksha/Desktop/files/Data Science Projects/Photo Editor/opencv-python-4.5.3.56/_skbuild/macosx-10.16-x86_64-3.7/cmake-build/CMakeFiles/CMakeTmp

Run Build Command(s):/opt/homebrew/bin/gmake -f Makefile cmTC_9c6f8/fast && /opt/homebrew/bin/gmake  -f CMakeFiles/cmTC_9c6f8.dir/build.make CMakeFiles/cmTC_9c6f8.dir/build
gmake[1]: Entering directory '/Users/akanksha/Desktop/files/Data Science Projects/Photo Editor/opencv-python-4.5.3.56/_skbuild/macosx-10.16-x86_64-3.7/cmake-build/CMakeFiles/CMakeTmp'
Building C object CMakeFiles/cmTC_9c6f8.dir/src.c.o
/Library/Developer/CommandLineTools/usr/bin/cc   -fsigned-char -W -Wall -Werror=return-type -Werror=non-virtual-dtor -Werror=address -Werror=sequence-point -Wformat -Werror=format-security -Wstrict-prototypes -Winit-self -Wpointer-arith -Wsign-promo -Wuninitialized -Wno-delete-non-virtual-dtor -Wno-unnamed-type-template-args -Wno-comment -fdiagnostics-show-option -Wno-long-long -Qunused-arguments -Wno-semicolon-before-method-body -ffunction-sections -fdata-sections  -fvisibility=hidden -fvisibility-inlines-hidden -Wno-missing-prototypes -Wno-missing-declarations -Wno-undef -Wno-unused -Wno-sign-compare -Wno-cast-align -Wno-shadow  -O3 -DNDEBUG  -DNDEBUG -arch x86_64 -isysroot /Library/Developer/CommandLineTools/SDKs/MacOSX12.0.sdk -mmacosx-version-min=10.16 -fPIE    -Wno-maybe-uninitialized -MD -MT CMakeFiles/cmTC_9c6f8.dir/src.c.o -MF CMakeFiles/cmTC_9c6f8.dir/src.c.o.d -o CMakeFiles/cmTC_9c6f8.dir/src.c.o -c "/Users/akanksha/Desktop/files/Data Science Projects/Photo Editor/opencv-python-4.5.3.56/_skbuild/macosx-10.16-x86_64-3.7/cmake-build/CMakeFiles/CMakeTmp/src.c"
warning: unknown warning option '-Wno-maybe-uninitialized'; did you mean '-Wno-uninitialized'? [-Wunknown-warning-option]
/Users/akanksha/Desktop/files/Data Science Projects/Photo Editor/opencv-python-4.5.3.56/_skbuild/macosx-10.16-x86_64-3.7/cmake-build/CMakeFiles/CMakeTmp/src.c:1:8: warning: unknown pragma ignored [-Wunknown-pragmas]
#pragma
       ^
2 warnings generated.
Linking C executable cmTC_9c6f8
"/Users/akanksha/Desktop/files/Data Science Projects/Photo Editor/venv/lib/python3.7/site-packages/cmake/data/CMake.app/Contents/bin/cmake" -E cmake_link_script CMakeFiles/cmTC_9c6f8.dir/link.txt --verbose=1
/Library/Developer/CommandLineTools/usr/bin/cc    -fsigned-char -W -Wall -Werror=return-type -Werror=non-virtual-dtor -Werror=address -Werror=sequence-point -Wformat -Werror=format-security -Wstrict-prototypes -Winit-self -Wpointer-arith -Wsign-promo -Wuninitialized -Wno-delete-non-virtual-dtor -Wno-unnamed-type-template-args -Wno-comment -fdiagnostics-show-option -Wno-long-long -Qunused-arguments -Wno-semicolon-before-method-body -ffunction-sections -fdata-sections  -fvisibility=hidden -fvisibility-inlines-hidden -Wno-missing-prototypes -Wno-missing-declarations -Wno-undef -Wno-unused -Wno-sign-compare -Wno-cast-align -Wno-shadow  -O3 -DNDEBUG  -DNDEBUG -arch x86_64 -isysroot /Library/Developer/CommandLineTools/SDKs/MacOSX12.0.sdk -mmacosx-version-min=10.16 -Wl,-search_paths_first -Wl,-headerpad_max_install_names   -Wl,-dead_strip  CMakeFiles/cmTC_9c6f8.dir/src.c.o -o cmTC_9c6f8 
gmake[1]: Leaving directory '/Users/akanksha/Desktop/files/Data Science Projects/Photo Editor/opencv-python-4.5.3.56/_skbuild/macosx-10.16-x86_64-3.7/cmake-build/CMakeFiles/CMakeTmp'


===== END =====

Determining if files malloc.h exist failed with the following output:
Change Dir: /Users/akanksha/Desktop/files/Data Science Projects/Photo Editor/opencv-python-4.5.3.56/_skbuild/macosx-10.16-x86_64-3.7/cmake-build/CMakeFiles/CMakeTmp

Run Build Command(s):/opt/homebrew/bin/gmake -f Makefile cmTC_de1c1/fast && /opt/homebrew/bin/gmake  -f CMakeFiles/cmTC_de1c1.dir/build.make CMakeFiles/cmTC_de1c1.dir/build
gmake[1]: Entering directory '/Users/akanksha/Desktop/files/Data Science Projects/Photo Editor/opencv-python-4.5.3.56/_skbuild/macosx-10.16-x86_64-3.7/cmake-build/CMakeFiles/CMakeTmp'
Building C object CMakeFiles/cmTC_de1c1.dir/OPJ_HAVE_MALLOC_H.c.o
/Library/Developer/CommandLineTools/usr/bin/cc   -fsigned-char -W -Wall -Werror=return-type -Werror=non-virtual-dtor -Werror=address -Werror=sequence-point -Wformat -Werror=format-security -Wmissing-declarations -Wmissing-prototypes -Wstrict-prototypes -Wundef -Winit-self -Wpointer-arith -Wshadow -Wsign-promo -Wuninitialized -Wno-delete-non-virtual-dtor -Wno-unnamed-type-template-args -Wno-comment -fdiagnostics-show-option -Wno-long-long -Qunused-arguments -Wno-semicolon-before-method-body -ffunction-sections -fdata-sections  -fvisibility=hidden -fvisibility-inlines-hidden -Wno-implicit-const-int-float-conversion  -O3 -DNDEBUG  -DNDEBUG -arch x86_64 -isysroot /Library/Developer/CommandLineTools/SDKs/MacOSX12.0.sdk -mmacosx-version-min=10.16 -fPIE -MD -MT CMakeFiles/cmTC_de1c1.dir/OPJ_HAVE_MALLOC_H.c.o -MF CMakeFiles/cmTC_de1c1.dir/OPJ_HAVE_MALLOC_H.c.o.d -o CMakeFiles/cmTC_de1c1.dir/OPJ_HAVE_MALLOC_H.c.o -c "/Users/akanksha/Desktop/files/Data Science Projects/Photo Editor/opencv-python-4.5.3.56/_skbuild/macosx-10.16-x86_64-3.7/cmake-build/CMakeFiles/CheckIncludeFiles/OPJ_HAVE_MALLOC_H.c"
/Users/akanksha/Desktop/files/Data Science Projects/Photo Editor/opencv-python-4.5.3.56/_skbuild/macosx-10.16-x86_64-3.7/cmake-build/CMakeFiles/CheckIncludeFiles/OPJ_HAVE_MALLOC_H.c:2:10: fatal error: 'malloc.h' file not found
#include <malloc.h>
         ^~~~~~~~~~
1 error generated.
gmake[1]: *** [CMakeFiles/cmTC_de1c1.dir/build.make:79: CMakeFiles/cmTC_de1c1.dir/OPJ_HAVE_MALLOC_H.c.o] Error 1
gmake[1]: Leaving directory '/Users/akanksha/Desktop/files/Data Science Projects/Photo Editor/opencv-python-4.5.3.56/_skbuild/macosx-10.16-x86_64-3.7/cmake-build/CMakeFiles/CMakeTmp'
gmake: *** [Makefile:127: cmTC_de1c1/fast] Error 2


Source:
/* */
#include <malloc.h>


int main(void){return 0;}

Determining if the _aligned_malloc exist failed with the following output:
Change Dir: /Users/akanksha/Desktop/files/Data Science Projects/Photo Editor/opencv-python-4.5.3.56/_skbuild/macosx-10.16-x86_64-3.7/cmake-build/CMakeFiles/CMakeTmp

Run Build Command(s):/opt/homebrew/bin/gmake -f Makefile cmTC_43f21/fast && /opt/homebrew/bin/gmake  -f CMakeFiles/cmTC_43f21.dir/build.make CMakeFiles/cmTC_43f21.dir/build
gmake[1]: Entering directory '/Users/akanksha/Desktop/files/Data Science Projects/Photo Editor/opencv-python-4.5.3.56/_skbuild/macosx-10.16-x86_64-3.7/cmake-build/CMakeFiles/CMakeTmp'
Building C object CMakeFiles/cmTC_43f21.dir/CheckSymbolExists.c.o
/Library/Developer/CommandLineTools/usr/bin/cc   -fsigned-char -W -Wall -Werror=return-type -Werror=non-virtual-dtor -Werror=address -Werror=sequence-point -Wformat -Werror=format-security -Wmissing-declarations -Wmissing-prototypes -Wstrict-prototypes -Wundef -Winit-self -Wpointer-arith -Wshadow -Wsign-promo -Wuninitialized -Wno-delete-non-virtual-dtor -Wno-unnamed-type-template-args -Wno-comment -fdiagnostics-show-option -Wno-long-long -Qunused-arguments -Wno-semicolon-before-method-body -ffunction-sections -fdata-sections  -fvisibility=hidden -fvisibility-inlines-hidden -Wno-implicit-const-int-float-conversion  -O3 -DNDEBUG  -DNDEBUG -arch x86_64 -isysroot /Library/Developer/CommandLineTools/SDKs/MacOSX12.0.sdk -mmacosx-version-min=10.16 -fPIE -MD -MT CMakeFiles/cmTC_43f21.dir/CheckSymbolExists.c.o -MF CMakeFiles/cmTC_43f21.dir/CheckSymbolExists.c.o.d -o CMakeFiles/cmTC_43f21.dir/CheckSymbolExists.c.o -c "/Users/akanksha/Desktop/files/Data Science Projects/Photo Editor/opencv-python-4.5.3.56/_skbuild/macosx-10.16-x86_64-3.7/cmake-build/CMakeFiles/CMakeTmp/CheckSymbolExists.c"
/Users/akanksha/Desktop/files/Data Science Projects/Photo Editor/opencv-python-4.5.3.56/_skbuild/macosx-10.16-x86_64-3.7/cmake-build/CMakeFiles/CMakeTmp/CheckSymbolExists.c:2:10: fatal error: 'malloc.h' file not found
#include <malloc.h>
         ^~~~~~~~~~
1 error generated.
gmake[1]: *** [CMakeFiles/cmTC_43f21.dir/build.make:79: CMakeFiles/cmTC_43f21.dir/CheckSymbolExists.c.o] Error 1
gmake[1]: Leaving directory '/Users/akanksha/Desktop/files/Data Science Projects/Photo Editor/opencv-python-4.5.3.56/_skbuild/macosx-10.16-x86_64-3.7/cmake-build/CMakeFiles/CMakeTmp'
gmake: *** [Makefile:127: cmTC_43f21/fast] Error 2


File /Users/akanksha/Desktop/files/Data Science Projects/Photo Editor/opencv-python-4.5.3.56/_skbuild/macosx-10.16-x86_64-3.7/cmake-build/CMakeFiles/CMakeTmp/CheckSymbolExists.c:
/* */
#include <malloc.h>

int main(int argc, char** argv)
{
  (void)argv;
#ifndef _aligned_malloc
  return ((int*)(&_aligned_malloc))[argc];
#else
  (void)argc;
  return 0;
#endif
}
Determining if the memalign exist failed with the following output:
Change Dir: /Users/akanksha/Desktop/files/Data Science Projects/Photo Editor/opencv-python-4.5.3.56/_skbuild/macosx-10.16-x86_64-3.7/cmake-build/CMakeFiles/CMakeTmp

Run Build Command(s):/opt/homebrew/bin/gmake -f Makefile cmTC_52dd9/fast && /opt/homebrew/bin/gmake  -f CMakeFiles/cmTC_52dd9.dir/build.make CMakeFiles/cmTC_52dd9.dir/build
gmake[1]: Entering directory '/Users/akanksha/Desktop/files/Data Science Projects/Photo Editor/opencv-python-4.5.3.56/_skbuild/macosx-10.16-x86_64-3.7/cmake-build/CMakeFiles/CMakeTmp'
Building C object CMakeFiles/cmTC_52dd9.dir/CheckSymbolExists.c.o
/Library/Developer/CommandLineTools/usr/bin/cc   -fsigned-char -W -Wall -Werror=return-type -Werror=non-virtual-dtor -Werror=address -Werror=sequence-point -Wformat -Werror=format-security -Wmissing-declarations -Wmissing-prototypes -Wstrict-prototypes -Wundef -Winit-self -Wpointer-arith -Wshadow -Wsign-promo -Wuninitialized -Wno-delete-non-virtual-dtor -Wno-unnamed-type-template-args -Wno-comment -fdiagnostics-show-option -Wno-long-long -Qunused-arguments -Wno-semicolon-before-method-body -ffunction-sections -fdata-sections  -fvisibility=hidden -fvisibility-inlines-hidden -Wno-implicit-const-int-float-conversion  -O3 -DNDEBUG  -DNDEBUG -arch x86_64 -isysroot /Library/Developer/CommandLineTools/SDKs/MacOSX12.0.sdk -mmacosx-version-min=10.16 -fPIE -MD -MT CMakeFiles/cmTC_52dd9.dir/CheckSymbolExists.c.o -MF CMakeFiles/cmTC_52dd9.dir/CheckSymbolExists.c.o.d -o CMakeFiles/cmTC_52dd9.dir/CheckSymbolExists.c.o -c "/Users/akanksha/Desktop/files/Data Science Projects/Photo Editor/opencv-python-4.5.3.56/_skbuild/macosx-10.16-x86_64-3.7/cmake-build/CMakeFiles/CMakeTmp/CheckSymbolExists.c"
/Users/akanksha/Desktop/files/Data Science Projects/Photo Editor/opencv-python-4.5.3.56/_skbuild/macosx-10.16-x86_64-3.7/cmake-build/CMakeFiles/CMakeTmp/CheckSymbolExists.c:2:10: fatal error: 'malloc.h' file not found
#include <malloc.h>
         ^~~~~~~~~~
1 error generated.
gmake[1]: *** [CMakeFiles/cmTC_52dd9.dir/build.make:79: CMakeFiles/cmTC_52dd9.dir/CheckSymbolExists.c.o] Error 1
gmake[1]: Leaving directory '/Users/akanksha/Desktop/files/Data Science Projects/Photo Editor/opencv-python-4.5.3.56/_skbuild/macosx-10.16-x86_64-3.7/cmake-build/CMakeFiles/CMakeTmp'
gmake: *** [Makefile:127: cmTC_52dd9/fast] Error 2


File /Users/akanksha/Desktop/files/Data Science Projects/Photo Editor/opencv-python-4.5.3.56/_skbuild/macosx-10.16-x86_64-3.7/cmake-build/CMakeFiles/CMakeTmp/CheckSymbolExists.c:
/* */
#include <malloc.h>

int main(int argc, char** argv)
{
  (void)argv;
#ifndef memalign
  return ((int*)(&memalign))[argc];
#else
  (void)argc;
  return 0;
#endif
}
Build output check failed:
    Regex: 'unknown .*option'
    Output line: 'warning: unknown warning option '-Wno-cast-function-type', did you mean '-Wno-bad-function-cast'? [-Wunknown-warning-option]'
Compilation failed:
    source file: '/Users/akanksha/Desktop/files/Data Science Projects/Photo Editor/opencv-python-4.5.3.56/_skbuild/macosx-10.16-x86_64-3.7/cmake-build/CMakeFiles/CMakeTmp/src.c'
    check option: ' -Wno-cast-function-type'
===== BUILD LOG =====
Change Dir: /Users/akanksha/Desktop/files/Data Science Projects/Photo Editor/opencv-python-4.5.3.56/_skbuild/macosx-10.16-x86_64-3.7/cmake-build/CMakeFiles/CMakeTmp

Run Build Command(s):/opt/homebrew/bin/gmake -f Makefile cmTC_874fc/fast && /opt/homebrew/bin/gmake  -f CMakeFiles/cmTC_874fc.dir/build.make CMakeFiles/cmTC_874fc.dir/build
gmake[1]: Entering directory '/Users/akanksha/Desktop/files/Data Science Projects/Photo Editor/opencv-python-4.5.3.56/_skbuild/macosx-10.16-x86_64-3.7/cmake-build/CMakeFiles/CMakeTmp'
Building C object CMakeFiles/cmTC_874fc.dir/src.c.o
/Library/Developer/CommandLineTools/usr/bin/cc   -fsigned-char -W -Wall -Werror=return-type -Werror=non-virtual-dtor -Werror=address -Werror=sequence-point -Wformat -Werror=format-security -Wmissing-declarations -Wmissing-prototypes -Winit-self -Wpointer-arith -Wshadow -Wsign-promo -Wuninitialized -Wno-delete-non-virtual-dtor -Wno-unnamed-type-template-args -Wno-comment -fdiagnostics-show-option -Wno-long-long -Qunused-arguments -Wno-semicolon-before-method-body -ffunction-sections -fdata-sections  -fvisibility=hidden -fvisibility-inlines-hidden -Wno-implicit-const-int-float-conversion -Wno-undef -Wno-strict-prototypes  -O3 -DNDEBUG  -DNDEBUG -arch x86_64 -isysroot /Library/Developer/CommandLineTools/SDKs/MacOSX12.0.sdk -mmacosx-version-min=10.16 -fPIE    -Wno-cast-function-type -MD -MT CMakeFiles/cmTC_874fc.dir/src.c.o -MF CMakeFiles/cmTC_874fc.dir/src.c.o.d -o CMakeFiles/cmTC_874fc.dir/src.c.o -c "/Users/akanksha/Desktop/files/Data Science Projects/Photo Editor/opencv-python-4.5.3.56/_skbuild/macosx-10.16-x86_64-3.7/cmake-build/CMakeFiles/CMakeTmp/src.c"
warning: unknown warning option '-Wno-cast-function-type'; did you mean '-Wno-bad-function-cast'? [-Wunknown-warning-option]
/Users/akanksha/Desktop/files/Data Science Projects/Photo Editor/opencv-python-4.5.3.56/_skbuild/macosx-10.16-x86_64-3.7/cmake-build/CMakeFiles/CMakeTmp/src.c:1:8: warning: unknown pragma ignored [-Wunknown-pragmas]
#pragma
       ^
2 warnings generated.
Linking C executable cmTC_874fc
"/Users/akanksha/Desktop/files/Data Science Projects/Photo Editor/venv/lib/python3.7/site-packages/cmake/data/CMake.app/Contents/bin/cmake" -E cmake_link_script CMakeFiles/cmTC_874fc.dir/link.txt --verbose=1
/Library/Developer/CommandLineTools/usr/bin/cc    -fsigned-char -W -Wall -Werror=return-type -Werror=non-virtual-dtor -Werror=address -Werror=sequence-point -Wformat -Werror=format-security -Wmissing-declarations -Wmissing-prototypes -Winit-self -Wpointer-arith -Wshadow -Wsign-promo -Wuninitialized -Wno-delete-non-virtual-dtor -Wno-unnamed-type-template-args -Wno-comment -fdiagnostics-show-option -Wno-long-long -Qunused-arguments -Wno-semicolon-before-method-body -ffunction-sections -fdata-sections  -fvisibility=hidden -fvisibility-inlines-hidden -Wno-implicit-const-int-float-conversion -Wno-undef -Wno-strict-prototypes  -O3 -DNDEBUG  -DNDEBUG -arch x86_64 -isysroot /Library/Developer/CommandLineTools/SDKs/MacOSX12.0.sdk -mmacosx-version-min=10.16 -Wl,-search_paths_first -Wl,-headerpad_max_install_names   -Wl,-dead_strip  CMakeFiles/cmTC_874fc.dir/src.c.o -o cmTC_874fc 
gmake[1]: Leaving directory '/Users/akanksha/Desktop/files/Data Science Projects/Photo Editor/opencv-python-4.5.3.56/_skbuild/macosx-10.16-x86_64-3.7/cmake-build/CMakeFiles/CMakeTmp'


===== END =====

Determining if the function sgemm_ exists failed with the following output:
Change Dir: /Users/akanksha/Desktop/files/Data Science Projects/Photo Editor/opencv-python-4.5.3.56/_skbuild/macosx-10.16-x86_64-3.7/cmake-build/CMakeFiles/CMakeTmp

Run Build Command(s):/opt/homebrew/bin/gmake -f Makefile cmTC_ec889/fast && /opt/homebrew/bin/gmake  -f CMakeFiles/cmTC_ec889.dir/build.make CMakeFiles/cmTC_ec889.dir/build
gmake[1]: Entering directory '/Users/akanksha/Desktop/files/Data Science Projects/Photo Editor/opencv-python-4.5.3.56/_skbuild/macosx-10.16-x86_64-3.7/cmake-build/CMakeFiles/CMakeTmp'
Building C object CMakeFiles/cmTC_ec889.dir/CheckFunctionExists.c.o
/Library/Developer/CommandLineTools/usr/bin/cc   -fsigned-char -W -Wall -Werror=return-type -Werror=non-virtual-dtor -Werror=address -Werror=sequence-point -Wformat -Werror=format-security -Wmissing-declarations -Wmissing-prototypes -Wstrict-prototypes -Wundef -Winit-self -Wpointer-arith -Wshadow -Wsign-promo -Wuninitialized -Wno-delete-non-virtual-dtor -Wno-unnamed-type-template-args -Wno-comment -fdiagnostics-show-option -Wno-long-long -Qunused-arguments -Wno-semicolon-before-method-body -ffunction-sections -fdata-sections  -fvisibility=hidden -fvisibility-inlines-hidden -DCHECK_FUNCTION_EXISTS=sgemm_ -O3 -DNDEBUG  -DNDEBUG -arch x86_64 -isysroot /Library/Developer/CommandLineTools/SDKs/MacOSX12.0.sdk -mmacosx-version-min=10.16 -fPIE -MD -MT CMakeFiles/cmTC_ec889.dir/CheckFunctionExists.c.o -MF CMakeFiles/cmTC_ec889.dir/CheckFunctionExists.c.o.d -o CMakeFiles/cmTC_ec889.dir/CheckFunctionExists.c.o -c "/Users/akanksha/Desktop/files/Data Science Projects/Photo Editor/venv/lib/python3.7/site-packages/cmake/data/CMake.app/Contents/share/cmake-3.22/Modules/CheckFunctionExists.c"
Linking C executable cmTC_ec889
"/Users/akanksha/Desktop/files/Data Science Projects/Photo Editor/venv/lib/python3.7/site-packages/cmake/data/CMake.app/Contents/bin/cmake" -E cmake_link_script CMakeFiles/cmTC_ec889.dir/link.txt --verbose=1
/Library/Developer/CommandLineTools/usr/bin/cc    -fsigned-char -W -Wall -Werror=return-type -Werror=non-virtual-dtor -Werror=address -Werror=sequence-point -Wformat -Werror=format-security -Wmissing-declarations -Wmissing-prototypes -Wstrict-prototypes -Wundef -Winit-self -Wpointer-arith -Wshadow -Wsign-promo -Wuninitialized -Wno-delete-non-virtual-dtor -Wno-unnamed-type-template-args -Wno-comment -fdiagnostics-show-option -Wno-long-long -Qunused-arguments -Wno-semicolon-before-method-body -ffunction-sections -fdata-sections  -fvisibility=hidden -fvisibility-inlines-hidden -DCHECK_FUNCTION_EXISTS=sgemm_ -O3 -DNDEBUG  -DNDEBUG -arch x86_64 -isysroot /Library/Developer/CommandLineTools/SDKs/MacOSX12.0.sdk -mmacosx-version-min=10.16 -Wl,-search_paths_first -Wl,-headerpad_max_install_names   -Wl,-dead_strip  CMakeFiles/cmTC_ec889.dir/CheckFunctionExists.c.o -o cmTC_ec889 
Undefined symbols for architecture x86_64:
  "_sgemm_", referenced from:
      _main in CheckFunctionExists.c.o
ld: symbol(s) not found for architecture x86_64
clang: error: linker command failed with exit code 1 (use -v to see invocation)
gmake[1]: *** [CMakeFiles/cmTC_ec889.dir/build.make:100: cmTC_ec889] Error 1
gmake[1]: Leaving directory '/Users/akanksha/Desktop/files/Data Science Projects/Photo Editor/opencv-python-4.5.3.56/_skbuild/macosx-10.16-x86_64-3.7/cmake-build/CMakeFiles/CMakeTmp'
gmake: *** [Makefile:127: cmTC_ec889/fast] Error 2



